{"/Users/nderousseaux/Dev/anov/src/lib/utils/date.ts": {"path":"/Users/nderousseaux/Dev/anov/src/lib/utils/date.ts","statementMap":{"0":{"start":{"line":15,"column":2},"end":{"line":20,"column":null}},"1":{"start":{"line":38,"column":18},"end":{"line":38,"column":null}},"2":{"start":{"line":39,"column":2},"end":{"line":39,"column":null}},"3":{"start":{"line":48,"column":2},"end":{"line":48,"column":null}},"4":{"start":{"line":64,"column":2},"end":{"line":71,"column":null}},"5":{"start":{"line":65,"column":29},"end":{"line":65,"column":null}},"6":{"start":{"line":66,"column":17},"end":{"line":66,"column":null}},"7":{"start":{"line":67,"column":4},"end":{"line":67,"column":null}},"8":{"start":{"line":68,"column":4},"end":{"line":68,"column":null}},"9":{"start":{"line":70,"column":4},"end":{"line":70,"column":null}},"10":{"start":{"line":80,"column":18},"end":{"line":80,"column":null}},"11":{"start":{"line":81,"column":16},"end":{"line":81,"column":null}},"12":{"start":{"line":83,"column":2},"end":{"line":86,"column":null}},"13":{"start":{"line":96,"column":18},"end":{"line":96,"column":null}},"14":{"start":{"line":99,"column":20},"end":{"line":99,"column":null}},"15":{"start":{"line":105,"column":4},"end":{"line":105,"column":null}},"16":{"start":{"line":106,"column":25},"end":{"line":106,"column":null}},"17":{"start":{"line":107,"column":2},"end":{"line":107,"column":null}},"18":{"start":{"line":108,"column":2},"end":{"line":108,"column":null}},"19":{"start":{"line":109,"column":2},"end":{"line":109,"column":null}},"20":{"start":{"line":118,"column":18},"end":{"line":118,"column":null}},"21":{"start":{"line":119,"column":15},"end":{"line":127,"column":null}},"22":{"start":{"line":128,"column":17},"end":{"line":141,"column":null}},"23":{"start":{"line":142,"column":2},"end":{"line":142,"column":null}}},"fnMap":{"0":{"name":"formatCurrency","decl":{"start":{"line":11,"column":16},"end":{"line":11,"column":null}},"loc":{"start":{"line":14,"column":10},"end":{"line":21,"column":null}},"line":14},"1":{"name":"formatDate","decl":{"start":{"line":29,"column":16},"end":{"line":29,"column":null}},"loc":{"start":{"line":37,"column":10},"end":{"line":40,"column":null}},"line":37},"2":{"name":"formatDateShort","decl":{"start":{"line":47,"column":16},"end":{"line":47,"column":32}},"loc":{"start":{"line":47,"column":61},"end":{"line":49,"column":null}},"line":47},"3":{"name":"formatTime","decl":{"start":{"line":57,"column":16},"end":{"line":57,"column":null}},"loc":{"start":{"line":63,"column":10},"end":{"line":72,"column":null}},"line":63},"4":{"name":"isToday","decl":{"start":{"line":79,"column":16},"end":{"line":79,"column":24}},"loc":{"start":{"line":79,"column":54},"end":{"line":88,"column":null}},"line":79},"5":{"name":"getPreviousMonday","decl":{"start":{"line":95,"column":16},"end":{"line":95,"column":34}},"loc":{"start":{"line":95,"column":74},"end":{"line":110,"column":null}},"line":95},"6":{"name":"formatReservationDate","decl":{"start":{"line":117,"column":16},"end":{"line":117,"column":38}},"loc":{"start":{"line":117,"column":67},"end":{"line":143,"column":null}},"line":117}},"branchMap":{"0":{"loc":{"start":{"line":13,"column":2},"end":{"line":13,"column":null}},"type":"default-arg","locations":[{"start":{"line":13,"column":19},"end":{"line":13,"column":null}}],"line":13},"1":{"loc":{"start":{"line":31,"column":2},"end":{"line":36,"column":null}},"type":"default-arg","locations":[{"start":{"line":31,"column":40},"end":{"line":36,"column":null}}],"line":31},"2":{"loc":{"start":{"line":38,"column":18},"end":{"line":38,"column":null}},"type":"cond-expr","locations":[{"start":{"line":38,"column":45},"end":{"line":38,"column":62}},{"start":{"line":38,"column":62},"end":{"line":38,"column":null}}],"line":38},"3":{"loc":{"start":{"line":59,"column":2},"end":{"line":62,"column":null}},"type":"default-arg","locations":[{"start":{"line":59,"column":52},"end":{"line":62,"column":null}}],"line":59},"4":{"loc":{"start":{"line":80,"column":18},"end":{"line":80,"column":null}},"type":"cond-expr","locations":[{"start":{"line":80,"column":45},"end":{"line":80,"column":62}},{"start":{"line":80,"column":62},"end":{"line":80,"column":null}}],"line":80},"5":{"loc":{"start":{"line":84,"column":4},"end":{"line":86,"column":null}},"type":"binary-expr","locations":[{"start":{"line":84,"column":4},"end":{"line":84,"column":null}},{"start":{"line":85,"column":4},"end":{"line":85,"column":null}},{"start":{"line":86,"column":4},"end":{"line":86,"column":null}}],"line":84},"6":{"loc":{"start":{"line":95,"column":34},"end":{"line":95,"column":74}},"type":"default-arg","locations":[{"start":{"line":95,"column":56},"end":{"line":95,"column":74}}],"line":95},"7":{"loc":{"start":{"line":96,"column":18},"end":{"line":96,"column":null}},"type":"cond-expr","locations":[{"start":{"line":96,"column":45},"end":{"line":96,"column":62}},{"start":{"line":96,"column":62},"end":{"line":96,"column":null}}],"line":96},"8":{"loc":{"start":{"line":105,"column":4},"end":{"line":105,"column":null}},"type":"cond-expr","locations":[{"start":{"line":105,"column":22},"end":{"line":105,"column":26}},{"start":{"line":105,"column":26},"end":{"line":105,"column":null}}],"line":105},"9":{"loc":{"start":{"line":105,"column":26},"end":{"line":105,"column":null}},"type":"cond-expr","locations":[{"start":{"line":105,"column":44},"end":{"line":105,"column":48}},{"start":{"line":105,"column":48},"end":{"line":105,"column":null}}],"line":105},"10":{"loc":{"start":{"line":118,"column":18},"end":{"line":118,"column":null}},"type":"cond-expr","locations":[{"start":{"line":118,"column":45},"end":{"line":118,"column":62}},{"start":{"line":118,"column":62},"end":{"line":118,"column":null}}],"line":118}},"s":{"0":4,"1":4,"2":4,"3":1,"4":3,"5":3,"6":3,"7":3,"8":3,"9":1,"10":4,"11":4,"12":4,"13":4,"14":4,"15":4,"16":4,"17":4,"18":4,"19":4,"20":1,"21":1,"22":1,"23":1},"f":{"0":4,"1":4,"2":1,"3":3,"4":4,"5":4,"6":1},"b":{"0":[4],"1":[4],"2":[1,3],"3":[3],"4":[1,3],"5":[4,2,2],"6":[4],"7":[1,3],"8":[2,2],"9":[1,1],"10":[0,1]},"meta":{"lastBranch":11,"lastFunction":7,"lastStatement":24,"seen":{"f:11:16:11:Infinity":0,"b:13:19:13:Infinity":0,"s:15:2:20:Infinity":0,"f:29:16:29:Infinity":1,"b:31:40:36:Infinity":1,"s:38:18:38:Infinity":1,"b:38:45:38:62:38:62:38:Infinity":2,"s:39:2:39:Infinity":2,"f:47:16:47:32":2,"s:48:2:48:Infinity":3,"f:57:16:57:Infinity":3,"b:59:52:62:Infinity":3,"s:64:2:71:Infinity":4,"s:65:29:65:Infinity":5,"s:66:17:66:Infinity":6,"s:67:4:67:Infinity":7,"s:68:4:68:Infinity":8,"s:70:4:70:Infinity":9,"f:79:16:79:24":4,"s:80:18:80:Infinity":10,"b:80:45:80:62:80:62:80:Infinity":4,"s:81:16:81:Infinity":11,"s:83:2:86:Infinity":12,"b:84:4:84:Infinity:85:4:85:Infinity:86:4:86:Infinity":5,"f:95:16:95:34":5,"b:95:56:95:74":6,"s:96:18:96:Infinity":13,"b:96:45:96:62:96:62:96:Infinity":7,"s:99:20:99:Infinity":14,"s:105:4:105:Infinity":15,"b:105:22:105:26:105:26:105:Infinity":8,"b:105:44:105:48:105:48:105:Infinity":9,"s:106:25:106:Infinity":16,"s:107:2:107:Infinity":17,"s:108:2:108:Infinity":18,"s:109:2:109:Infinity":19,"f:117:16:117:38":6,"s:118:18:118:Infinity":20,"b:118:45:118:62:118:62:118:Infinity":10,"s:119:15:127:Infinity":21,"s:128:17:141:Infinity":22,"s:142:2:142:Infinity":23},"fnNames":{}}}
,"/Users/nderousseaux/Dev/anov/src/lib/utils/index.ts": {"path":"/Users/nderousseaux/Dev/anov/src/lib/utils/index.ts","statementMap":{},"fnMap":{},"branchMap":{},"s":{},"f":{},"b":{},"meta":{"lastBranch":0,"lastFunction":0,"lastStatement":0,"seen":{},"fnNames":{}}}
,"/Users/nderousseaux/Dev/anov/src/lib/utils/validate.ts": {"path":"/Users/nderousseaux/Dev/anov/src/lib/utils/validate.ts","statementMap":{"0":{"start":{"line":12,"column":21},"end":{"line":12,"column":null}},"1":{"start":{"line":13,"column":2},"end":{"line":13,"column":null}},"2":{"start":{"line":23,"column":23},"end":{"line":23,"column":null}},"3":{"start":{"line":25,"column":21},"end":{"line":25,"column":null}},"4":{"start":{"line":26,"column":2},"end":{"line":26,"column":null}},"5":{"start":{"line":35,"column":2},"end":{"line":35,"column":null}},"6":{"start":{"line":44,"column":2},"end":{"line":44,"column":null}},"7":{"start":{"line":55,"column":2},"end":{"line":55,"column":null}}},"fnMap":{"0":{"name":"validateEmail","decl":{"start":{"line":10,"column":16},"end":{"line":10,"column":30}},"loc":{"start":{"line":10,"column":54},"end":{"line":14,"column":null}},"line":10},"1":{"name":"validatePhone","decl":{"start":{"line":21,"column":16},"end":{"line":21,"column":30}},"loc":{"start":{"line":21,"column":54},"end":{"line":27,"column":null}},"line":21},"2":{"name":"isNonEmpty","decl":{"start":{"line":34,"column":16},"end":{"line":34,"column":27}},"loc":{"start":{"line":34,"column":51},"end":{"line":36,"column":null}},"line":34},"3":{"name":"isPositiveNumber","decl":{"start":{"line":43,"column":16},"end":{"line":43,"column":33}},"loc":{"start":{"line":43,"column":57},"end":{"line":45,"column":null}},"line":43},"4":{"name":"isInRange","decl":{"start":{"line":54,"column":16},"end":{"line":54,"column":26}},"loc":{"start":{"line":54,"column":76},"end":{"line":56,"column":null}},"line":54}},"branchMap":{"0":{"loc":{"start":{"line":55,"column":9},"end":{"line":55,"column":null}},"type":"binary-expr","locations":[{"start":{"line":55,"column":9},"end":{"line":55,"column":25}},{"start":{"line":55,"column":25},"end":{"line":55,"column":null}}],"line":55}},"s":{"0":5,"1":5,"2":6,"3":6,"4":6,"5":4,"6":4,"7":5},"f":{"0":5,"1":6,"2":4,"3":4,"4":5},"b":{"0":[5,4]},"meta":{"lastBranch":1,"lastFunction":5,"lastStatement":8,"seen":{"f:10:16:10:30":0,"s:12:21:12:Infinity":0,"s:13:2:13:Infinity":1,"f:21:16:21:30":1,"s:23:23:23:Infinity":2,"s:25:21:25:Infinity":3,"s:26:2:26:Infinity":4,"f:34:16:34:27":2,"s:35:2:35:Infinity":5,"f:43:16:43:33":3,"s:44:2:44:Infinity":6,"f:54:16:54:26":4,"s:55:2:55:Infinity":7,"b:55:9:55:25:55:25:55:Infinity":0},"fnNames":{}}}
}
