{"/Users/nderousseaux/Dev/anov/src/app/api/admin/auth/route.ts": {"path":"/Users/nderousseaux/Dev/anov/src/app/api/admin/auth/route.ts","statementMap":{"0":{"start":{"line":1,"column":22},"end":{"line":1,"column":null}},"1":{"start":{"line":1,"column":42},"end":{"line":1,"column":null}},"2":{"start":{"line":7,"column":2},"end":{"line":7,"column":null}},"3":{"start":{"line":11,"column":2},"end":{"line":53,"column":null}},"4":{"start":{"line":12,"column":35},"end":{"line":12,"column":null}},"5":{"start":{"line":13,"column":4},"end":{"line":15,"column":null}},"6":{"start":{"line":14,"column":6},"end":{"line":14,"column":null}},"7":{"start":{"line":17,"column":18},"end":{"line":19,"column":null}},"8":{"start":{"line":20,"column":4},"end":{"line":27,"column":null}},"9":{"start":{"line":22,"column":6},"end":{"line":22,"column":null}},"10":{"start":{"line":23,"column":6},"end":{"line":26,"column":null}},"11":{"start":{"line":29,"column":22},"end":{"line":29,"column":null}},"12":{"start":{"line":30,"column":23},"end":{"line":30,"column":null}},"13":{"start":{"line":31,"column":4},"end":{"line":39,"column":null}},"14":{"start":{"line":35,"column":6},"end":{"line":38,"column":null}},"15":{"start":{"line":41,"column":18},"end":{"line":41,"column":null}},"16":{"start":{"line":42,"column":21},"end":{"line":42,"column":null}},"17":{"start":{"line":43,"column":4},"end":{"line":49,"column":null}},"18":{"start":{"line":50,"column":4},"end":{"line":50,"column":null}},"19":{"start":{"line":52,"column":4},"end":{"line":52,"column":null}},"20":{"start":{"line":57,"column":19},"end":{"line":57,"column":null}},"21":{"start":{"line":58,"column":2},"end":{"line":58,"column":null}},"22":{"start":{"line":59,"column":2},"end":{"line":59,"column":null}}},"fnMap":{"0":{"name":"hashPassword","decl":{"start":{"line":6,"column":9},"end":{"line":6,"column":22}},"loc":{"start":{"line":6,"column":48},"end":{"line":8,"column":null}},"line":6},"1":{"name":"POST","decl":{"start":{"line":10,"column":22},"end":{"line":10,"column":27}},"loc":{"start":{"line":10,"column":45},"end":{"line":54,"column":null}},"line":10},"2":{"name":"DELETE","decl":{"start":{"line":56,"column":22},"end":{"line":56,"column":31}},"loc":{"start":{"line":56,"column":31},"end":{"line":60,"column":null}},"line":56}},"branchMap":{"0":{"loc":{"start":{"line":13,"column":4},"end":{"line":15,"column":null}},"type":"if","locations":[{"start":{"line":13,"column":4},"end":{"line":15,"column":null}},{"start":{},"end":{}}],"line":13},"1":{"loc":{"start":{"line":13,"column":8},"end":{"line":13,"column":32}},"type":"binary-expr","locations":[{"start":{"line":13,"column":8},"end":{"line":13,"column":21}},{"start":{"line":13,"column":21},"end":{"line":13,"column":32}}],"line":13},"2":{"loc":{"start":{"line":20,"column":4},"end":{"line":27,"column":null}},"type":"if","locations":[{"start":{"line":20,"column":4},"end":{"line":27,"column":null}},{"start":{},"end":{}}],"line":20},"3":{"loc":{"start":{"line":31,"column":4},"end":{"line":39,"column":null}},"type":"if","locations":[{"start":{"line":31,"column":4},"end":{"line":39,"column":null}},{"start":{},"end":{}}],"line":31},"4":{"loc":{"start":{"line":32,"column":6},"end":{"line":33,"column":null}},"type":"binary-expr","locations":[{"start":{"line":32,"column":6},"end":{"line":32,"column":null}},{"start":{"line":33,"column":6},"end":{"line":33,"column":null}}],"line":32}},"s":{"0":1,"1":1,"2":0,"3":0,"4":0,"5":0,"6":0,"7":0,"8":0,"9":0,"10":0,"11":0,"12":0,"13":0,"14":0,"15":0,"16":0,"17":0,"18":0,"19":0,"20":0,"21":0,"22":0},"f":{"0":0,"1":0,"2":0},"b":{"0":[0,0],"1":[0,0],"2":[0,0],"3":[0,0],"4":[0,0]},"meta":{"lastBranch":5,"lastFunction":3,"lastStatement":23,"seen":{"s:1:22:1:Infinity":0,"s:1:42:1:Infinity":1,"f:6:9:6:22":0,"s:7:2:7:Infinity":2,"f:10:22:10:27":1,"s:11:2:53:Infinity":3,"s:12:35:12:Infinity":4,"b:13:4:15:Infinity:undefined:undefined:undefined:undefined":0,"s:13:4:15:Infinity":5,"b:13:8:13:21:13:21:13:32":1,"s:14:6:14:Infinity":6,"s:17:18:19:Infinity":7,"b:20:4:27:Infinity:undefined:undefined:undefined:undefined":2,"s:20:4:27:Infinity":8,"s:22:6:22:Infinity":9,"s:23:6:26:Infinity":10,"s:29:22:29:Infinity":11,"s:30:23:30:Infinity":12,"b:31:4:39:Infinity:undefined:undefined:undefined:undefined":3,"s:31:4:39:Infinity":13,"b:32:6:32:Infinity:33:6:33:Infinity":4,"s:35:6:38:Infinity":14,"s:41:18:41:Infinity":15,"s:42:21:42:Infinity":16,"s:43:4:49:Infinity":17,"s:50:4:50:Infinity":18,"s:52:4:52:Infinity":19,"f:56:22:56:31":2,"s:57:19:57:Infinity":20,"s:58:2:58:Infinity":21,"s:59:2:59:Infinity":22},"fnNames":{}}}
,"/Users/nderousseaux/Dev/anov/src/app/api/admin/calendar/route.ts": {"path":"/Users/nderousseaux/Dev/anov/src/app/api/admin/calendar/route.ts","statementMap":{"0":{"start":{"line":11,"column":17},"end":{"line":11,"column":null}},"1":{"start":{"line":12,"column":16},"end":{"line":12,"column":null}},"2":{"start":{"line":13,"column":2},"end":{"line":13,"column":null}},"3":{"start":{"line":17,"column":16},"end":{"line":17,"column":null}},"4":{"start":{"line":18,"column":2},"end":{"line":19,"column":null}},"5":{"start":{"line":19,"column":4},"end":{"line":19,"column":null}},"6":{"start":{"line":21,"column":14},"end":{"line":21,"column":null}},"7":{"start":{"line":23,"column":4},"end":{"line":23,"column":null}},"8":{"start":{"line":24,"column":15},"end":{"line":24,"column":null}},"9":{"start":{"line":27,"column":19},"end":{"line":31,"column":null}},"10":{"start":{"line":33,"column":29},"end":{"line":33,"column":null}},"11":{"start":{"line":34,"column":38},"end":{"line":34,"column":null}},"12":{"start":{"line":35,"column":32},"end":{"line":35,"column":null}},"13":{"start":{"line":38,"column":17},"end":{"line":38,"column":null}},"14":{"start":{"line":39,"column":8},"end":{"line":39,"column":null}},"15":{"start":{"line":41,"column":19},"end":{"line":41,"column":null}},"16":{"start":{"line":42,"column":17},"end":{"line":42,"column":null}},"17":{"start":{"line":45,"column":20},"end":{"line":47,"column":null}},"18":{"start":{"line":48,"column":25},"end":{"line":50,"column":null}},"19":{"start":{"line":49,"column":25},"end":{"line":49,"column":64}},"20":{"start":{"line":52,"column":14},"end":{"line":52,"column":null}},"21":{"start":{"line":56,"column":23},"end":{"line":75,"column":null}},"22":{"start":{"line":77,"column":71},"end":{"line":77,"column":null}},"23":{"start":{"line":78,"column":2},"end":{"line":83,"column":null}},"24":{"start":{"line":79,"column":14},"end":{"line":79,"column":null}},"25":{"start":{"line":80,"column":4},"end":{"line":80,"column":null}},"26":{"start":{"line":80,"column":23},"end":{"line":80,"column":null}},"27":{"start":{"line":81,"column":4},"end":{"line":81,"column":null}},"28":{"start":{"line":82,"column":4},"end":{"line":82,"column":null}},"29":{"start":{"line":85,"column":17},"end":{"line":85,"column":null}},"30":{"start":{"line":87,"column":2},"end":{"line":155,"column":null}},"31":{"start":{"line":87,"column":15},"end":{"line":87,"column":18}},"32":{"start":{"line":88,"column":14},"end":{"line":88,"column":null}},"33":{"start":{"line":89,"column":20},"end":{"line":89,"column":null}},"34":{"start":{"line":90,"column":16},"end":{"line":90,"column":null}},"35":{"start":{"line":91,"column":21},"end":{"line":91,"column":null}},"36":{"start":{"line":92,"column":27},"end":{"line":92,"column":null}},"37":{"start":{"line":97,"column":4},"end":{"line":105,"column":null}},"38":{"start":{"line":98,"column":6},"end":{"line":98,"column":null}},"39":{"start":{"line":99,"column":6},"end":{"line":101,"column":null}},"40":{"start":{"line":103,"column":6},"end":{"line":103,"column":null}},"41":{"start":{"line":104,"column":6},"end":{"line":104,"column":null}},"42":{"start":{"line":107,"column":18},"end":{"line":107,"column":null}},"43":{"start":{"line":109,"column":23},"end":{"line":109,"column":null}},"44":{"start":{"line":109,"column":43},"end":{"line":109,"column":59}},"45":{"start":{"line":110,"column":24},"end":{"line":110,"column":null}},"46":{"start":{"line":110,"column":44},"end":{"line":110,"column":61}},"47":{"start":{"line":112,"column":22},"end":{"line":112,"column":null}},"48":{"start":{"line":115,"column":6},"end":{"line":117,"column":null}},"49":{"start":{"line":118,"column":23},"end":{"line":118,"column":null}},"50":{"start":{"line":120,"column":6},"end":{"line":122,"column":null}},"51":{"start":{"line":126,"column":10},"end":{"line":126,"column":null}},"52":{"start":{"line":127,"column":10},"end":{"line":127,"column":null}},"53":{"start":{"line":128,"column":26},"end":{"line":128,"column":null}},"54":{"start":{"line":129,"column":21},"end":{"line":129,"column":null}},"55":{"start":{"line":131,"column":4},"end":{"line":154,"column":null}},"56":{"start":{"line":157,"column":2},"end":{"line":157,"column":null}}},"fnMap":{"0":{"name":"addMinutes","decl":{"start":{"line":10,"column":9},"end":{"line":10,"column":20}},"loc":{"start":{"line":10,"column":56},"end":{"line":14,"column":null}},"line":10},"1":{"name":"GET","decl":{"start":{"line":16,"column":22},"end":{"line":16,"column":26}},"loc":{"start":{"line":16,"column":44},"end":{"line":158,"column":null}},"line":16},"2":{"name":"(anonymous_2)","decl":{"start":{"line":49,"column":14},"end":{"line":49,"column":19}},"loc":{"start":{"line":49,"column":25},"end":{"line":49,"column":64}},"line":49},"3":{"name":"(anonymous_3)","decl":{"start":{"line":109,"column":29},"end":{"line":109,"column":37}},"loc":{"start":{"line":109,"column":43},"end":{"line":109,"column":59}},"line":109},"4":{"name":"(anonymous_4)","decl":{"start":{"line":110,"column":30},"end":{"line":110,"column":38}},"loc":{"start":{"line":110,"column":44},"end":{"line":110,"column":61}},"line":110}},"branchMap":{"0":{"loc":{"start":{"line":18,"column":2},"end":{"line":19,"column":null}},"type":"if","locations":[{"start":{"line":18,"column":2},"end":{"line":19,"column":null}},{"start":{},"end":{}}],"line":18},"1":{"loc":{"start":{"line":23,"column":4},"end":{"line":23,"column":null}},"type":"binary-expr","locations":[{"start":{"line":23,"column":4},"end":{"line":23,"column":36}},{"start":{"line":23,"column":36},"end":{"line":23,"column":null}}],"line":23},"2":{"loc":{"start":{"line":24,"column":33},"end":{"line":24,"column":69}},"type":"binary-expr","locations":[{"start":{"line":24,"column":33},"end":{"line":24,"column":65}},{"start":{"line":24,"column":65},"end":{"line":24,"column":69}}],"line":24},"3":{"loc":{"start":{"line":80,"column":4},"end":{"line":80,"column":null}},"type":"if","locations":[{"start":{"line":80,"column":4},"end":{"line":80,"column":null}},{"start":{},"end":{}}],"line":80},"4":{"loc":{"start":{"line":91,"column":21},"end":{"line":91,"column":null}},"type":"binary-expr","locations":[{"start":{"line":91,"column":21},"end":{"line":91,"column":52}},{"start":{"line":91,"column":52},"end":{"line":91,"column":null}}],"line":91},"5":{"loc":{"start":{"line":97,"column":4},"end":{"line":105,"column":null}},"type":"if","locations":[{"start":{"line":97,"column":4},"end":{"line":105,"column":null}},{"start":{"line":102,"column":11},"end":{"line":105,"column":null}}],"line":97},"6":{"loc":{"start":{"line":99,"column":23},"end":{"line":101,"column":null}},"type":"cond-expr","locations":[{"start":{"line":100,"column":11},"end":{"line":100,"column":null}},{"start":{"line":101,"column":10},"end":{"line":101,"column":null}}],"line":99},"7":{"loc":{"start":{"line":107,"column":18},"end":{"line":107,"column":null}},"type":"cond-expr","locations":[{"start":{"line":107,"column":34},"end":{"line":107,"column":51}},{"start":{"line":107,"column":51},"end":{"line":107,"column":null}}],"line":107},"8":{"loc":{"start":{"line":112,"column":22},"end":{"line":112,"column":null}},"type":"cond-expr","locations":[{"start":{"line":112,"column":46},"end":{"line":112,"column":62}},{"start":{"line":112,"column":62},"end":{"line":112,"column":null}}],"line":112},"9":{"loc":{"start":{"line":115,"column":6},"end":{"line":117,"column":null}},"type":"cond-expr","locations":[{"start":{"line":116,"column":10},"end":{"line":116,"column":null}},{"start":{"line":117,"column":10},"end":{"line":117,"column":null}}],"line":115},"10":{"loc":{"start":{"line":118,"column":23},"end":{"line":118,"column":null}},"type":"cond-expr","locations":[{"start":{"line":118,"column":48},"end":{"line":118,"column":65}},{"start":{"line":118,"column":65},"end":{"line":118,"column":null}}],"line":118},"11":{"loc":{"start":{"line":120,"column":6},"end":{"line":122,"column":null}},"type":"cond-expr","locations":[{"start":{"line":121,"column":10},"end":{"line":121,"column":null}},{"start":{"line":122,"column":10},"end":{"line":122,"column":null}}],"line":120},"12":{"loc":{"start":{"line":129,"column":21},"end":{"line":129,"column":null}},"type":"binary-expr","locations":[{"start":{"line":129,"column":21},"end":{"line":129,"column":43}},{"start":{"line":129,"column":43},"end":{"line":129,"column":null}}],"line":129},"13":{"loc":{"start":{"line":136,"column":16},"end":{"line":143,"column":null}},"type":"cond-expr","locations":[{"start":{"line":137,"column":10},"end":{"line":142,"column":null}},{"start":{"line":143,"column":10},"end":{"line":143,"column":null}}],"line":136},"14":{"loc":{"start":{"line":139,"column":26},"end":{"line":141,"column":null}},"type":"cond-expr","locations":[{"start":{"line":140,"column":17},"end":{"line":140,"column":null}},{"start":{"line":141,"column":16},"end":{"line":141,"column":null}}],"line":139}},"s":{"0":0,"1":0,"2":0,"3":0,"4":0,"5":0,"6":0,"7":0,"8":0,"9":0,"10":0,"11":0,"12":0,"13":0,"14":0,"15":0,"16":0,"17":0,"18":0,"19":0,"20":0,"21":0,"22":0,"23":0,"24":0,"25":0,"26":0,"27":0,"28":0,"29":0,"30":0,"31":0,"32":0,"33":0,"34":0,"35":0,"36":0,"37":0,"38":0,"39":0,"40":0,"41":0,"42":0,"43":0,"44":0,"45":0,"46":0,"47":0,"48":0,"49":0,"50":0,"51":0,"52":0,"53":0,"54":0,"55":0,"56":0},"f":{"0":0,"1":0,"2":0,"3":0,"4":0},"b":{"0":[0,0],"1":[0,0],"2":[0,0],"3":[0,0],"4":[0,0],"5":[0,0],"6":[0,0],"7":[0,0],"8":[0,0],"9":[0,0],"10":[0,0],"11":[0,0],"12":[0,0],"13":[0,0],"14":[0,0]},"meta":{"lastBranch":15,"lastFunction":5,"lastStatement":57,"seen":{"f:10:9:10:20":0,"s:11:17:11:Infinity":0,"s:12:16:12:Infinity":1,"s:13:2:13:Infinity":2,"f:16:22:16:26":1,"s:17:16:17:Infinity":3,"b:18:2:19:Infinity:undefined:undefined:undefined:undefined":0,"s:18:2:19:Infinity":4,"s:19:4:19:Infinity":5,"s:21:14:21:Infinity":6,"s:23:4:23:Infinity":7,"b:23:4:23:36:23:36:23:Infinity":1,"s:24:15:24:Infinity":8,"b:24:33:24:65:24:65:24:69":2,"s:27:19:31:Infinity":9,"s:33:29:33:Infinity":10,"s:34:38:34:Infinity":11,"s:35:32:35:Infinity":12,"s:38:17:38:Infinity":13,"s:39:8:39:Infinity":14,"s:41:19:41:Infinity":15,"s:42:17:42:Infinity":16,"s:45:20:47:Infinity":17,"s:48:25:50:Infinity":18,"f:49:14:49:19":2,"s:49:25:49:64":19,"s:52:14:52:Infinity":20,"s:56:23:75:Infinity":21,"s:77:71:77:Infinity":22,"s:78:2:83:Infinity":23,"s:79:14:79:Infinity":24,"b:80:4:80:Infinity:undefined:undefined:undefined:undefined":3,"s:80:4:80:Infinity":25,"s:80:23:80:Infinity":26,"s:81:4:81:Infinity":27,"s:82:4:82:Infinity":28,"s:85:17:85:Infinity":29,"s:87:2:155:Infinity":30,"s:87:15:87:18":31,"s:88:14:88:Infinity":32,"s:89:20:89:Infinity":33,"s:90:16:90:Infinity":34,"s:91:21:91:Infinity":35,"b:91:21:91:52:91:52:91:Infinity":4,"s:92:27:92:Infinity":36,"b:97:4:105:Infinity:102:11:105:Infinity":5,"s:97:4:105:Infinity":37,"s:98:6:98:Infinity":38,"s:99:6:101:Infinity":39,"b:100:11:100:Infinity:101:10:101:Infinity":6,"s:103:6:103:Infinity":40,"s:104:6:104:Infinity":41,"s:107:18:107:Infinity":42,"b:107:34:107:51:107:51:107:Infinity":7,"s:109:23:109:Infinity":43,"f:109:29:109:37":3,"s:109:43:109:59":44,"s:110:24:110:Infinity":45,"f:110:30:110:38":4,"s:110:44:110:61":46,"s:112:22:112:Infinity":47,"b:112:46:112:62:112:62:112:Infinity":8,"s:115:6:117:Infinity":48,"b:116:10:116:Infinity:117:10:117:Infinity":9,"s:118:23:118:Infinity":49,"b:118:48:118:65:118:65:118:Infinity":10,"s:120:6:122:Infinity":50,"b:121:10:121:Infinity:122:10:122:Infinity":11,"s:126:10:126:Infinity":51,"s:127:10:127:Infinity":52,"s:128:26:128:Infinity":53,"s:129:21:129:Infinity":54,"b:129:21:129:43:129:43:129:Infinity":12,"s:131:4:154:Infinity":55,"b:137:10:142:Infinity:143:10:143:Infinity":13,"b:140:17:140:Infinity:141:16:141:Infinity":14,"s:157:2:157:Infinity":56},"fnNames":{}}}
,"/Users/nderousseaux/Dev/anov/src/app/api/admin/customers/route.ts": {"path":"/Users/nderousseaux/Dev/anov/src/app/api/admin/customers/route.ts","statementMap":{"0":{"start":{"line":15,"column":16},"end":{"line":15,"column":null}},"1":{"start":{"line":16,"column":2},"end":{"line":17,"column":null}},"2":{"start":{"line":17,"column":4},"end":{"line":17,"column":null}},"3":{"start":{"line":19,"column":27},"end":{"line":19,"column":null}},"4":{"start":{"line":20,"column":17},"end":{"line":20,"column":null}},"5":{"start":{"line":21,"column":15},"end":{"line":21,"column":null}},"6":{"start":{"line":22,"column":18},"end":{"line":22,"column":null}},"7":{"start":{"line":25,"column":4},"end":{"line":43,"column":null}},"8":{"start":{"line":45,"column":23},"end":{"line":45,"column":null}},"9":{"start":{"line":45,"column":48},"end":{"line":45,"column":69}},"10":{"start":{"line":46,"column":20},"end":{"line":46,"column":null}},"11":{"start":{"line":48,"column":8},"end":{"line":63,"column":null}},"12":{"start":{"line":49,"column":16},"end":{"line":49,"column":null}},"13":{"start":{"line":50,"column":16},"end":{"line":50,"column":null}},"14":{"start":{"line":51,"column":4},"end":{"line":61,"column":null}},"15":{"start":{"line":52,"column":6},"end":{"line":59,"column":null}},"16":{"start":{"line":60,"column":6},"end":{"line":60,"column":null}},"17":{"start":{"line":62,"column":4},"end":{"line":62,"column":null}},"18":{"start":{"line":65,"column":8},"end":{"line":70,"column":null}},"19":{"start":{"line":66,"column":4},"end":{"line":66,"column":null}},"20":{"start":{"line":66,"column":15},"end":{"line":66,"column":null}},"21":{"start":{"line":67,"column":4},"end":{"line":69,"column":null}},"22":{"start":{"line":68,"column":6},"end":{"line":68,"column":null}},"23":{"start":{"line":72,"column":2},"end":{"line":76,"column":null}},"24":{"start":{"line":73,"column":18},"end":{"line":73,"column":null}},"25":{"start":{"line":74,"column":4},"end":{"line":74,"column":null}},"26":{"start":{"line":75,"column":4},"end":{"line":75,"column":null}},"27":{"start":{"line":78,"column":2},"end":{"line":83,"column":null}},"28":{"start":{"line":79,"column":4},"end":{"line":79,"column":null}},"29":{"start":{"line":79,"column":31},"end":{"line":79,"column":null}},"30":{"start":{"line":80,"column":18},"end":{"line":80,"column":null}},"31":{"start":{"line":81,"column":4},"end":{"line":81,"column":null}},"32":{"start":{"line":82,"column":4},"end":{"line":82,"column":null}},"33":{"start":{"line":85,"column":2},"end":{"line":89,"column":null}},"34":{"start":{"line":86,"column":18},"end":{"line":86,"column":null}},"35":{"start":{"line":87,"column":4},"end":{"line":87,"column":null}},"36":{"start":{"line":88,"column":4},"end":{"line":88,"column":null}},"37":{"start":{"line":91,"column":12},"end":{"line":91,"column":null}},"38":{"start":{"line":93,"column":2},"end":{"line":95,"column":null}},"39":{"start":{"line":94,"column":4},"end":{"line":94,"column":null}},"40":{"start":{"line":94,"column":28},"end":{"line":94,"column":66}},"41":{"start":{"line":97,"column":2},"end":{"line":100,"column":null}},"42":{"start":{"line":99,"column":6},"end":{"line":99,"column":null}},"43":{"start":{"line":102,"column":16},"end":{"line":102,"column":null}},"44":{"start":{"line":103,"column":8},"end":{"line":103,"column":null}},"45":{"start":{"line":104,"column":15},"end":{"line":104,"column":null}},"46":{"start":{"line":106,"column":2},"end":{"line":106,"column":null}}},"fnMap":{"0":{"name":"GET","decl":{"start":{"line":14,"column":22},"end":{"line":14,"column":26}},"loc":{"start":{"line":14,"column":44},"end":{"line":107,"column":null}},"line":14},"1":{"name":"(anonymous_1)","decl":{"start":{"line":45,"column":37},"end":{"line":45,"column":42}},"loc":{"start":{"line":45,"column":48},"end":{"line":45,"column":69}},"line":45},"2":{"name":"(anonymous_2)","decl":{"start":{"line":48,"column":8},"end":{"line":48,"column":23}},"loc":{"start":{"line":48,"column":61},"end":{"line":63,"column":null}},"line":48},"3":{"name":"(anonymous_3)","decl":{"start":{"line":65,"column":8},"end":{"line":65,"column":27}},"loc":{"start":{"line":65,"column":73},"end":{"line":70,"column":null}},"line":65},"4":{"name":"(anonymous_4)","decl":{"start":{"line":94,"column":14},"end":{"line":94,"column":22}},"loc":{"start":{"line":94,"column":28},"end":{"line":94,"column":66}},"line":94},"5":{"name":"(anonymous_5)","decl":{"start":{"line":97,"column":6},"end":{"line":97,"column":null}},"loc":{"start":{"line":99,"column":6},"end":{"line":99,"column":null}},"line":99}},"branchMap":{"0":{"loc":{"start":{"line":16,"column":2},"end":{"line":17,"column":null}},"type":"if","locations":[{"start":{"line":16,"column":2},"end":{"line":17,"column":null}},{"start":{},"end":{}}],"line":16},"1":{"loc":{"start":{"line":20,"column":17},"end":{"line":20,"column":null}},"type":"binary-expr","locations":[{"start":{"line":20,"column":17},"end":{"line":20,"column":69}},{"start":{"line":20,"column":69},"end":{"line":20,"column":null}}],"line":20},"2":{"loc":{"start":{"line":21,"column":36},"end":{"line":21,"column":69}},"type":"binary-expr","locations":[{"start":{"line":21,"column":36},"end":{"line":21,"column":64}},{"start":{"line":21,"column":64},"end":{"line":21,"column":69}}],"line":21},"3":{"loc":{"start":{"line":51,"column":4},"end":{"line":61,"column":null}},"type":"if","locations":[{"start":{"line":51,"column":4},"end":{"line":61,"column":null}},{"start":{},"end":{}}],"line":51},"4":{"loc":{"start":{"line":66,"column":4},"end":{"line":66,"column":null}},"type":"if","locations":[{"start":{"line":66,"column":4},"end":{"line":66,"column":null}},{"start":{},"end":{}}],"line":66},"5":{"loc":{"start":{"line":67,"column":4},"end":{"line":69,"column":null}},"type":"if","locations":[{"start":{"line":67,"column":4},"end":{"line":69,"column":null}},{"start":{},"end":{}}],"line":67},"6":{"loc":{"start":{"line":79,"column":4},"end":{"line":79,"column":null}},"type":"if","locations":[{"start":{"line":79,"column":4},"end":{"line":79,"column":null}},{"start":{},"end":{}}],"line":79},"7":{"loc":{"start":{"line":93,"column":2},"end":{"line":95,"column":null}},"type":"if","locations":[{"start":{"line":93,"column":2},"end":{"line":95,"column":null}},{"start":{},"end":{}}],"line":93}},"s":{"0":0,"1":0,"2":0,"3":0,"4":0,"5":0,"6":0,"7":0,"8":0,"9":0,"10":0,"11":0,"12":0,"13":0,"14":0,"15":0,"16":0,"17":0,"18":0,"19":0,"20":0,"21":0,"22":0,"23":0,"24":0,"25":0,"26":0,"27":0,"28":0,"29":0,"30":0,"31":0,"32":0,"33":0,"34":0,"35":0,"36":0,"37":0,"38":0,"39":0,"40":0,"41":0,"42":0,"43":0,"44":0,"45":0,"46":0},"f":{"0":0,"1":0,"2":0,"3":0,"4":0,"5":0},"b":{"0":[0,0],"1":[0,0],"2":[0,0],"3":[0,0],"4":[0,0],"5":[0,0],"6":[0,0],"7":[0,0]},"meta":{"lastBranch":8,"lastFunction":6,"lastStatement":47,"seen":{"f:14:22:14:26":0,"s:15:16:15:Infinity":0,"b:16:2:17:Infinity:undefined:undefined:undefined:undefined":0,"s:16:2:17:Infinity":1,"s:17:4:17:Infinity":2,"s:19:27:19:Infinity":3,"s:20:17:20:Infinity":4,"b:20:17:20:69:20:69:20:Infinity":1,"s:21:15:21:Infinity":5,"b:21:36:21:64:21:64:21:69":2,"s:22:18:22:Infinity":6,"s:25:4:43:Infinity":7,"s:45:23:45:Infinity":8,"f:45:37:45:42":1,"s:45:48:45:69":9,"s:46:20:46:Infinity":10,"s:48:8:63:Infinity":11,"f:48:8:48:23":2,"s:49:16:49:Infinity":12,"s:50:16:50:Infinity":13,"b:51:4:61:Infinity:undefined:undefined:undefined:undefined":3,"s:51:4:61:Infinity":14,"s:52:6:59:Infinity":15,"s:60:6:60:Infinity":16,"s:62:4:62:Infinity":17,"s:65:8:70:Infinity":18,"f:65:8:65:27":3,"b:66:4:66:Infinity:undefined:undefined:undefined:undefined":4,"s:66:4:66:Infinity":19,"s:66:15:66:Infinity":20,"b:67:4:69:Infinity:undefined:undefined:undefined:undefined":5,"s:67:4:69:Infinity":21,"s:68:6:68:Infinity":22,"s:72:2:76:Infinity":23,"s:73:18:73:Infinity":24,"s:74:4:74:Infinity":25,"s:75:4:75:Infinity":26,"s:78:2:83:Infinity":27,"b:79:4:79:Infinity:undefined:undefined:undefined:undefined":6,"s:79:4:79:Infinity":28,"s:79:31:79:Infinity":29,"s:80:18:80:Infinity":30,"s:81:4:81:Infinity":31,"s:82:4:82:Infinity":32,"s:85:2:89:Infinity":33,"s:86:18:86:Infinity":34,"s:87:4:87:Infinity":35,"s:88:4:88:Infinity":36,"s:91:12:91:Infinity":37,"b:93:2:95:Infinity:undefined:undefined:undefined:undefined":7,"s:93:2:95:Infinity":38,"s:94:4:94:Infinity":39,"f:94:14:94:22":4,"s:94:28:94:66":40,"s:97:2:100:Infinity":41,"f:97:6:97:Infinity":5,"s:99:6:99:Infinity":42,"s:102:16:102:Infinity":43,"s:103:8:103:Infinity":44,"s:104:15:104:Infinity":45,"s:106:2:106:Infinity":46},"fnNames":{}}}
,"/Users/nderousseaux/Dev/anov/src/app/api/admin/customers/[email]/route.ts": {"path":"/Users/nderousseaux/Dev/anov/src/app/api/admin/customers/[email]/route.ts","statementMap":{"0":{"start":{"line":9,"column":16},"end":{"line":9,"column":null}},"1":{"start":{"line":10,"column":2},"end":{"line":11,"column":null}},"2":{"start":{"line":11,"column":4},"end":{"line":11,"column":null}},"3":{"start":{"line":13,"column":30},"end":{"line":13,"column":null}},"4":{"start":{"line":14,"column":16},"end":{"line":14,"column":null}},"5":{"start":{"line":17,"column":4},"end":{"line":37,"column":null}},"6":{"start":{"line":39,"column":2},"end":{"line":45,"column":null}}},"fnMap":{"0":{"name":"GET","decl":{"start":{"line":5,"column":22},"end":{"line":5,"column":null}},"loc":{"start":{"line":8,"column":2},"end":{"line":46,"column":null}},"line":8}},"branchMap":{"0":{"loc":{"start":{"line":10,"column":2},"end":{"line":11,"column":null}},"type":"if","locations":[{"start":{"line":10,"column":2},"end":{"line":11,"column":null}},{"start":{},"end":{}}],"line":10}},"s":{"0":0,"1":0,"2":0,"3":0,"4":0,"5":0,"6":0},"f":{"0":0},"b":{"0":[0,0]},"meta":{"lastBranch":1,"lastFunction":1,"lastStatement":7,"seen":{"f:5:22:5:Infinity":0,"s:9:16:9:Infinity":0,"b:10:2:11:Infinity:undefined:undefined:undefined:undefined":0,"s:10:2:11:Infinity":1,"s:11:4:11:Infinity":2,"s:13:30:13:Infinity":3,"s:14:16:14:Infinity":4,"s:17:4:37:Infinity":5,"s:39:2:45:Infinity":6},"fnNames":{}}}
,"/Users/nderousseaux/Dev/anov/src/app/api/admin/customers/[email]/note/route.ts": {"path":"/Users/nderousseaux/Dev/anov/src/app/api/admin/customers/[email]/note/route.ts","statementMap":{"0":{"start":{"line":9,"column":16},"end":{"line":9,"column":null}},"1":{"start":{"line":10,"column":2},"end":{"line":11,"column":null}},"2":{"start":{"line":11,"column":4},"end":{"line":11,"column":null}},"3":{"start":{"line":13,"column":30},"end":{"line":13,"column":null}},"4":{"start":{"line":14,"column":16},"end":{"line":14,"column":null}},"5":{"start":{"line":16,"column":22},"end":{"line":16,"column":null}},"6":{"start":{"line":17,"column":2},"end":{"line":19,"column":null}},"7":{"start":{"line":18,"column":4},"end":{"line":18,"column":null}},"8":{"start":{"line":21,"column":15},"end":{"line":25,"column":null}},"9":{"start":{"line":27,"column":2},"end":{"line":27,"column":null}}},"fnMap":{"0":{"name":"PUT","decl":{"start":{"line":5,"column":22},"end":{"line":5,"column":null}},"loc":{"start":{"line":8,"column":2},"end":{"line":28,"column":null}},"line":8}},"branchMap":{"0":{"loc":{"start":{"line":10,"column":2},"end":{"line":11,"column":null}},"type":"if","locations":[{"start":{"line":10,"column":2},"end":{"line":11,"column":null}},{"start":{},"end":{}}],"line":10},"1":{"loc":{"start":{"line":17,"column":2},"end":{"line":19,"column":null}},"type":"if","locations":[{"start":{"line":17,"column":2},"end":{"line":19,"column":null}},{"start":{},"end":{}}],"line":17}},"s":{"0":0,"1":0,"2":0,"3":0,"4":0,"5":0,"6":0,"7":0,"8":0,"9":0},"f":{"0":0},"b":{"0":[0,0],"1":[0,0]},"meta":{"lastBranch":2,"lastFunction":1,"lastStatement":10,"seen":{"f:5:22:5:Infinity":0,"s:9:16:9:Infinity":0,"b:10:2:11:Infinity:undefined:undefined:undefined:undefined":0,"s:10:2:11:Infinity":1,"s:11:4:11:Infinity":2,"s:13:30:13:Infinity":3,"s:14:16:14:Infinity":4,"s:16:22:16:Infinity":5,"b:17:2:19:Infinity:undefined:undefined:undefined:undefined":1,"s:17:2:19:Infinity":6,"s:18:4:18:Infinity":7,"s:21:15:25:Infinity":8,"s:27:2:27:Infinity":9},"fnNames":{}}}
,"/Users/nderousseaux/Dev/anov/src/app/api/admin/gift-cards/route.ts": {"path":"/Users/nderousseaux/Dev/anov/src/app/api/admin/gift-cards/route.ts","statementMap":{"0":{"start":{"line":7,"column":16},"end":{"line":7,"column":null}},"1":{"start":{"line":8,"column":2},"end":{"line":9,"column":null}},"2":{"start":{"line":9,"column":4},"end":{"line":9,"column":null}},"3":{"start":{"line":11,"column":27},"end":{"line":11,"column":null}},"4":{"start":{"line":12,"column":17},"end":{"line":12,"column":null}},"5":{"start":{"line":13,"column":15},"end":{"line":13,"column":null}},"6":{"start":{"line":14,"column":16},"end":{"line":14,"column":null}},"7":{"start":{"line":15,"column":15},"end":{"line":15,"column":null}},"8":{"start":{"line":16,"column":18},"end":{"line":16,"column":null}},"9":{"start":{"line":18,"column":14},"end":{"line":18,"column":null}},"10":{"start":{"line":19,"column":41},"end":{"line":19,"column":null}},"11":{"start":{"line":20,"column":2},"end":{"line":20,"column":null}},"12":{"start":{"line":20,"column":14},"end":{"line":20,"column":null}},"13":{"start":{"line":21,"column":2},"end":{"line":21,"column":null}},"14":{"start":{"line":21,"column":12},"end":{"line":21,"column":null}},"15":{"start":{"line":22,"column":2},"end":{"line":22,"column":null}},"16":{"start":{"line":22,"column":13},"end":{"line":22,"column":null}},"17":{"start":{"line":26,"column":21},"end":{"line":26,"column":null}},"18":{"start":{"line":27,"column":2},"end":{"line":27,"column":null}},"19":{"start":{"line":27,"column":14},"end":{"line":27,"column":null}},"20":{"start":{"line":30,"column":2},"end":{"line":36,"column":null}},"21":{"start":{"line":37,"column":2},"end":{"line":37,"column":null}},"22":{"start":{"line":39,"column":29},"end":{"line":47,"column":null}},"23":{"start":{"line":49,"column":2},"end":{"line":54,"column":null}},"24":{"start":{"line":58,"column":16},"end":{"line":58,"column":null}},"25":{"start":{"line":59,"column":2},"end":{"line":60,"column":null}},"26":{"start":{"line":60,"column":4},"end":{"line":60,"column":null}},"27":{"start":{"line":62,"column":15},"end":{"line":62,"column":null}},"28":{"start":{"line":63,"column":54},"end":{"line":63,"column":null}},"29":{"start":{"line":66,"column":2},"end":{"line":71,"column":null}},"30":{"start":{"line":67,"column":4},"end":{"line":70,"column":null}},"31":{"start":{"line":73,"column":22},"end":{"line":73,"column":null}},"32":{"start":{"line":74,"column":2},"end":{"line":76,"column":null}},"33":{"start":{"line":75,"column":4},"end":{"line":75,"column":null}},"34":{"start":{"line":80,"column":34},"end":{"line":80,"column":null}},"35":{"start":{"line":81,"column":2},"end":{"line":87,"column":null}},"36":{"start":{"line":82,"column":23},"end":{"line":82,"column":null}},"37":{"start":{"line":83,"column":4},"end":{"line":85,"column":null}},"38":{"start":{"line":84,"column":6},"end":{"line":84,"column":null}},"39":{"start":{"line":86,"column":4},"end":{"line":86,"column":null}},"40":{"start":{"line":90,"column":15},"end":{"line":90,"column":null}},"41":{"start":{"line":93,"column":20},"end":{"line":93,"column":null}},"42":{"start":{"line":94,"column":2},"end":{"line":94,"column":null}},"43":{"start":{"line":98,"column":19},"end":{"line":120,"column":null}},"44":{"start":{"line":123,"column":2},"end":{"line":142,"column":null}},"45":{"start":{"line":124,"column":4},"end":{"line":141,"column":null}},"46":{"start":{"line":125,"column":6},"end":{"line":137,"column":null}},"47":{"start":{"line":144,"column":2},"end":{"line":144,"column":null}},"48":{"start":{"line":152,"column":16},"end":{"line":152,"column":null}},"49":{"start":{"line":153,"column":16},"end":{"line":156,"column":null}},"50":{"start":{"line":155,"column":10},"end":{"line":155,"column":null}},"51":{"start":{"line":157,"column":16},"end":{"line":160,"column":null}},"52":{"start":{"line":159,"column":10},"end":{"line":159,"column":null}},"53":{"start":{"line":161,"column":2},"end":{"line":161,"column":null}},"54":{"start":{"line":169,"column":16},"end":{"line":169,"column":null}},"55":{"start":{"line":170,"column":16},"end":{"line":173,"column":null}},"56":{"start":{"line":172,"column":10},"end":{"line":172,"column":null}},"57":{"start":{"line":174,"column":2},"end":{"line":174,"column":null}},"58":{"start":{"line":178,"column":16},"end":{"line":178,"column":null}},"59":{"start":{"line":179,"column":2},"end":{"line":180,"column":null}},"60":{"start":{"line":180,"column":4},"end":{"line":180,"column":null}},"61":{"start":{"line":182,"column":15},"end":{"line":182,"column":null}},"62":{"start":{"line":183,"column":25},"end":{"line":183,"column":null}},"63":{"start":{"line":185,"column":2},"end":{"line":187,"column":null}},"64":{"start":{"line":186,"column":4},"end":{"line":186,"column":null}},"65":{"start":{"line":189,"column":2},"end":{"line":218,"column":null}},"66":{"start":{"line":192,"column":21},"end":{"line":199,"column":null}},"67":{"start":{"line":200,"column":4},"end":{"line":200,"column":null}},"68":{"start":{"line":201,"column":9},"end":{"line":218,"column":null}},"69":{"start":{"line":203,"column":21},"end":{"line":210,"column":null}},"70":{"start":{"line":211,"column":4},"end":{"line":211,"column":null}},"71":{"start":{"line":212,"column":9},"end":{"line":218,"column":null}},"72":{"start":{"line":214,"column":4},"end":{"line":214,"column":null}},"73":{"start":{"line":215,"column":4},"end":{"line":215,"column":null}},"74":{"start":{"line":217,"column":4},"end":{"line":217,"column":null}}},"fnMap":{"0":{"name":"GET","decl":{"start":{"line":6,"column":22},"end":{"line":6,"column":26}},"loc":{"start":{"line":6,"column":44},"end":{"line":55,"column":null}},"line":6},"1":{"name":"POST","decl":{"start":{"line":57,"column":22},"end":{"line":57,"column":27}},"loc":{"start":{"line":57,"column":45},"end":{"line":145,"column":null}},"line":57},"2":{"name":"generateAdminGiftCardCode","decl":{"start":{"line":151,"column":9},"end":{"line":151,"column":45}},"loc":{"start":{"line":151,"column":45},"end":{"line":162,"column":null}},"line":151},"3":{"name":"(anonymous_3)","decl":{"start":{"line":154,"column":16},"end":{"line":154,"column":null}},"loc":{"start":{"line":155,"column":10},"end":{"line":155,"column":null}},"line":155},"4":{"name":"(anonymous_4)","decl":{"start":{"line":158,"column":16},"end":{"line":158,"column":null}},"loc":{"start":{"line":159,"column":10},"end":{"line":159,"column":null}},"line":159},"5":{"name":"generateGiftCardCode","decl":{"start":{"line":168,"column":9},"end":{"line":168,"column":40}},"loc":{"start":{"line":168,"column":40},"end":{"line":175,"column":null}},"line":168},"6":{"name":"(anonymous_6)","decl":{"start":{"line":171,"column":16},"end":{"line":171,"column":null}},"loc":{"start":{"line":172,"column":10},"end":{"line":172,"column":null}},"line":172},"7":{"name":"PATCH","decl":{"start":{"line":177,"column":22},"end":{"line":177,"column":28}},"loc":{"start":{"line":177,"column":46},"end":{"line":219,"column":null}},"line":177}},"branchMap":{"0":{"loc":{"start":{"line":8,"column":2},"end":{"line":9,"column":null}},"type":"if","locations":[{"start":{"line":8,"column":2},"end":{"line":9,"column":null}},{"start":{},"end":{}}],"line":8},"1":{"loc":{"start":{"line":15,"column":36},"end":{"line":15,"column":69}},"type":"binary-expr","locations":[{"start":{"line":15,"column":36},"end":{"line":15,"column":64}},{"start":{"line":15,"column":64},"end":{"line":15,"column":69}}],"line":15},"2":{"loc":{"start":{"line":20,"column":2},"end":{"line":20,"column":null}},"type":"if","locations":[{"start":{"line":20,"column":2},"end":{"line":20,"column":null}},{"start":{},"end":{}}],"line":20},"3":{"loc":{"start":{"line":21,"column":2},"end":{"line":21,"column":null}},"type":"if","locations":[{"start":{"line":21,"column":2},"end":{"line":21,"column":null}},{"start":{},"end":{}}],"line":21},"4":{"loc":{"start":{"line":22,"column":2},"end":{"line":22,"column":null}},"type":"if","locations":[{"start":{"line":22,"column":2},"end":{"line":22,"column":null}},{"start":{},"end":{}}],"line":22},"5":{"loc":{"start":{"line":27,"column":2},"end":{"line":27,"column":null}},"type":"if","locations":[{"start":{"line":27,"column":2},"end":{"line":27,"column":null}},{"start":{},"end":{}}],"line":27},"6":{"loc":{"start":{"line":59,"column":2},"end":{"line":60,"column":null}},"type":"if","locations":[{"start":{"line":59,"column":2},"end":{"line":60,"column":null}},{"start":{},"end":{}}],"line":59},"7":{"loc":{"start":{"line":66,"column":2},"end":{"line":71,"column":null}},"type":"if","locations":[{"start":{"line":66,"column":2},"end":{"line":71,"column":null}},{"start":{},"end":{}}],"line":66},"8":{"loc":{"start":{"line":74,"column":2},"end":{"line":76,"column":null}},"type":"if","locations":[{"start":{"line":74,"column":2},"end":{"line":76,"column":null}},{"start":{},"end":{}}],"line":74},"9":{"loc":{"start":{"line":74,"column":6},"end":{"line":74,"column":46}},"type":"binary-expr","locations":[{"start":{"line":74,"column":6},"end":{"line":74,"column":28}},{"start":{"line":74,"column":28},"end":{"line":74,"column":46}}],"line":74},"10":{"loc":{"start":{"line":81,"column":2},"end":{"line":87,"column":null}},"type":"if","locations":[{"start":{"line":81,"column":2},"end":{"line":87,"column":null}},{"start":{},"end":{}}],"line":81},"11":{"loc":{"start":{"line":81,"column":6},"end":{"line":81,"column":54}},"type":"binary-expr","locations":[{"start":{"line":81,"column":6},"end":{"line":81,"column":24}},{"start":{"line":81,"column":24},"end":{"line":81,"column":54}}],"line":81},"12":{"loc":{"start":{"line":83,"column":4},"end":{"line":85,"column":null}},"type":"if","locations":[{"start":{"line":83,"column":4},"end":{"line":85,"column":null}},{"start":{},"end":{}}],"line":83},"13":{"loc":{"start":{"line":103,"column":23},"end":{"line":103,"column":null}},"type":"binary-expr","locations":[{"start":{"line":103,"column":23},"end":{"line":103,"column":42}},{"start":{"line":103,"column":42},"end":{"line":103,"column":null}}],"line":103},"14":{"loc":{"start":{"line":123,"column":2},"end":{"line":142,"column":null}},"type":"if","locations":[{"start":{"line":123,"column":2},"end":{"line":142,"column":null}},{"start":{},"end":{}}],"line":123},"15":{"loc":{"start":{"line":129,"column":25},"end":{"line":129,"column":null}},"type":"binary-expr","locations":[{"start":{"line":129,"column":25},"end":{"line":129,"column":53}},{"start":{"line":129,"column":53},"end":{"line":129,"column":null}}],"line":129},"16":{"loc":{"start":{"line":130,"column":19},"end":{"line":136,"column":null}},"type":"cond-expr","locations":[{"start":{"line":131,"column":12},"end":{"line":135,"column":null}},{"start":{"line":136,"column":12},"end":{"line":136,"column":null}}],"line":130},"17":{"loc":{"start":{"line":179,"column":2},"end":{"line":180,"column":null}},"type":"if","locations":[{"start":{"line":179,"column":2},"end":{"line":180,"column":null}},{"start":{},"end":{}}],"line":179},"18":{"loc":{"start":{"line":185,"column":2},"end":{"line":187,"column":null}},"type":"if","locations":[{"start":{"line":185,"column":2},"end":{"line":187,"column":null}},{"start":{},"end":{}}],"line":185},"19":{"loc":{"start":{"line":185,"column":6},"end":{"line":185,"column":22}},"type":"binary-expr","locations":[{"start":{"line":185,"column":6},"end":{"line":185,"column":13}},{"start":{"line":185,"column":13},"end":{"line":185,"column":22}}],"line":185},"20":{"loc":{"start":{"line":189,"column":2},"end":{"line":218,"column":null}},"type":"if","locations":[{"start":{"line":189,"column":2},"end":{"line":218,"column":null}},{"start":{"line":201,"column":9},"end":{"line":218,"column":null}}],"line":189},"21":{"loc":{"start":{"line":201,"column":9},"end":{"line":218,"column":null}},"type":"if","locations":[{"start":{"line":201,"column":9},"end":{"line":218,"column":null}},{"start":{"line":212,"column":9},"end":{"line":218,"column":null}}],"line":201},"22":{"loc":{"start":{"line":212,"column":9},"end":{"line":218,"column":null}},"type":"if","locations":[{"start":{"line":212,"column":9},"end":{"line":218,"column":null}},{"start":{"line":216,"column":9},"end":{"line":218,"column":null}}],"line":212}},"s":{"0":0,"1":0,"2":0,"3":0,"4":0,"5":0,"6":0,"7":0,"8":0,"9":0,"10":0,"11":0,"12":0,"13":0,"14":0,"15":0,"16":0,"17":0,"18":0,"19":0,"20":0,"21":0,"22":0,"23":0,"24":0,"25":0,"26":0,"27":0,"28":0,"29":0,"30":0,"31":0,"32":0,"33":0,"34":0,"35":0,"36":0,"37":0,"38":0,"39":0,"40":0,"41":0,"42":0,"43":0,"44":0,"45":0,"46":0,"47":0,"48":0,"49":0,"50":0,"51":0,"52":0,"53":0,"54":0,"55":0,"56":0,"57":0,"58":0,"59":0,"60":0,"61":0,"62":0,"63":0,"64":0,"65":0,"66":0,"67":0,"68":0,"69":0,"70":0,"71":0,"72":0,"73":0,"74":0},"f":{"0":0,"1":0,"2":0,"3":0,"4":0,"5":0,"6":0,"7":0},"b":{"0":[0,0],"1":[0,0],"2":[0,0],"3":[0,0],"4":[0,0],"5":[0,0],"6":[0,0],"7":[0,0],"8":[0,0],"9":[0,0],"10":[0,0],"11":[0,0],"12":[0,0],"13":[0,0],"14":[0,0],"15":[0,0],"16":[0,0],"17":[0,0],"18":[0,0],"19":[0,0],"20":[0,0],"21":[0,0],"22":[0,0]},"meta":{"lastBranch":23,"lastFunction":8,"lastStatement":75,"seen":{"f:6:22:6:26":0,"s:7:16:7:Infinity":0,"b:8:2:9:Infinity:undefined:undefined:undefined:undefined":0,"s:8:2:9:Infinity":1,"s:9:4:9:Infinity":2,"s:11:27:11:Infinity":3,"s:12:17:12:Infinity":4,"s:13:15:13:Infinity":5,"s:14:16:14:Infinity":6,"s:15:15:15:Infinity":7,"b:15:36:15:64:15:64:15:69":1,"s:16:18:16:Infinity":8,"s:18:14:18:Infinity":9,"s:19:41:19:Infinity":10,"b:20:2:20:Infinity:undefined:undefined:undefined:undefined":2,"s:20:2:20:Infinity":11,"s:20:14:20:Infinity":12,"b:21:2:21:Infinity:undefined:undefined:undefined:undefined":3,"s:21:2:21:Infinity":13,"s:21:12:21:Infinity":14,"b:22:2:22:Infinity:undefined:undefined:undefined:undefined":4,"s:22:2:22:Infinity":15,"s:22:13:22:Infinity":16,"s:26:21:26:Infinity":17,"b:27:2:27:Infinity:undefined:undefined:undefined:undefined":5,"s:27:2:27:Infinity":18,"s:27:14:27:Infinity":19,"s:30:2:36:Infinity":20,"s:37:2:37:Infinity":21,"s:39:29:47:Infinity":22,"s:49:2:54:Infinity":23,"f:57:22:57:27":1,"s:58:16:58:Infinity":24,"b:59:2:60:Infinity:undefined:undefined:undefined:undefined":6,"s:59:2:60:Infinity":25,"s:60:4:60:Infinity":26,"s:62:15:62:Infinity":27,"s:63:54:63:Infinity":28,"b:66:2:71:Infinity:undefined:undefined:undefined:undefined":7,"s:66:2:71:Infinity":29,"s:67:4:70:Infinity":30,"s:73:22:73:Infinity":31,"b:74:2:76:Infinity:undefined:undefined:undefined:undefined":8,"s:74:2:76:Infinity":32,"b:74:6:74:28:74:28:74:46":9,"s:75:4:75:Infinity":33,"s:80:34:80:Infinity":34,"b:81:2:87:Infinity:undefined:undefined:undefined:undefined":10,"s:81:2:87:Infinity":35,"b:81:6:81:24:81:24:81:54":11,"s:82:23:82:Infinity":36,"b:83:4:85:Infinity:undefined:undefined:undefined:undefined":12,"s:83:4:85:Infinity":37,"s:84:6:84:Infinity":38,"s:86:4:86:Infinity":39,"s:90:15:90:Infinity":40,"s:93:20:93:Infinity":41,"s:94:2:94:Infinity":42,"s:98:19:120:Infinity":43,"b:103:23:103:42:103:42:103:Infinity":13,"b:123:2:142:Infinity:undefined:undefined:undefined:undefined":14,"s:123:2:142:Infinity":44,"s:124:4:141:Infinity":45,"s:125:6:137:Infinity":46,"b:129:25:129:53:129:53:129:Infinity":15,"b:131:12:135:Infinity:136:12:136:Infinity":16,"s:144:2:144:Infinity":47,"f:151:9:151:45":2,"s:152:16:152:Infinity":48,"s:153:16:156:Infinity":49,"f:154:16:154:Infinity":3,"s:155:10:155:Infinity":50,"s:157:16:160:Infinity":51,"f:158:16:158:Infinity":4,"s:159:10:159:Infinity":52,"s:161:2:161:Infinity":53,"f:168:9:168:40":5,"s:169:16:169:Infinity":54,"s:170:16:173:Infinity":55,"f:171:16:171:Infinity":6,"s:172:10:172:Infinity":56,"s:174:2:174:Infinity":57,"f:177:22:177:28":7,"s:178:16:178:Infinity":58,"b:179:2:180:Infinity:undefined:undefined:undefined:undefined":17,"s:179:2:180:Infinity":59,"s:180:4:180:Infinity":60,"s:182:15:182:Infinity":61,"s:183:25:183:Infinity":62,"b:185:2:187:Infinity:undefined:undefined:undefined:undefined":18,"s:185:2:187:Infinity":63,"b:185:6:185:13:185:13:185:22":19,"s:186:4:186:Infinity":64,"b:189:2:218:Infinity:201:9:218:Infinity":20,"s:189:2:218:Infinity":65,"s:192:21:199:Infinity":66,"s:200:4:200:Infinity":67,"b:201:9:218:Infinity:212:9:218:Infinity":21,"s:201:9:218:Infinity":68,"s:203:21:210:Infinity":69,"s:211:4:211:Infinity":70,"b:212:9:218:Infinity:216:9:218:Infinity":22,"s:212:9:218:Infinity":71,"s:214:4:214:Infinity":72,"s:215:4:215:Infinity":73,"s:217:4:217:Infinity":74},"fnNames":{}}}
,"/Users/nderousseaux/Dev/anov/src/app/api/admin/gift-cards/stats/route.ts": {"path":"/Users/nderousseaux/Dev/anov/src/app/api/admin/gift-cards/stats/route.ts","statementMap":{"0":{"start":{"line":7,"column":16},"end":{"line":7,"column":null}},"1":{"start":{"line":8,"column":2},"end":{"line":9,"column":null}},"2":{"start":{"line":9,"column":4},"end":{"line":9,"column":null}},"3":{"start":{"line":11,"column":14},"end":{"line":11,"column":null}},"4":{"start":{"line":14,"column":25},"end":{"line":14,"column":null}},"5":{"start":{"line":22,"column":16},"end":{"line":29,"column":null}},"6":{"start":{"line":32,"column":22},"end":{"line":37,"column":null}},"7":{"start":{"line":42,"column":23},"end":{"line":51,"column":null}},"8":{"start":{"line":54,"column":26},"end":{"line":61,"column":null}},"9":{"start":{"line":64,"column":28},"end":{"line":78,"column":null}},"10":{"start":{"line":80,"column":2},"end":{"line":86,"column":null}}},"fnMap":{"0":{"name":"GET","decl":{"start":{"line":6,"column":22},"end":{"line":6,"column":28}},"loc":{"start":{"line":6,"column":28},"end":{"line":87,"column":null}},"line":6}},"branchMap":{"0":{"loc":{"start":{"line":8,"column":2},"end":{"line":9,"column":null}},"type":"if","locations":[{"start":{"line":8,"column":2},"end":{"line":9,"column":null}},{"start":{},"end":{}}],"line":8},"1":{"loc":{"start":{"line":82,"column":17},"end":{"line":82,"column":null}},"type":"binary-expr","locations":[{"start":{"line":82,"column":17},"end":{"line":82,"column":50}},{"start":{"line":82,"column":50},"end":{"line":82,"column":null}}],"line":82}},"s":{"0":0,"1":0,"2":0,"3":0,"4":0,"5":0,"6":0,"7":0,"8":0,"9":0,"10":0},"f":{"0":0},"b":{"0":[0,0],"1":[0,0]},"meta":{"lastBranch":2,"lastFunction":1,"lastStatement":11,"seen":{"f:6:22:6:28":0,"s:7:16:7:Infinity":0,"b:8:2:9:Infinity:undefined:undefined:undefined:undefined":0,"s:8:2:9:Infinity":1,"s:9:4:9:Infinity":2,"s:11:14:11:Infinity":3,"s:14:25:14:Infinity":4,"s:22:16:29:Infinity":5,"s:32:22:37:Infinity":6,"s:42:23:51:Infinity":7,"s:54:26:61:Infinity":8,"s:64:28:78:Infinity":9,"s:80:2:86:Infinity":10,"b:82:17:82:50:82:50:82:Infinity":1},"fnNames":{}}}
,"/Users/nderousseaux/Dev/anov/src/app/api/admin/orders/route.ts": {"path":"/Users/nderousseaux/Dev/anov/src/app/api/admin/orders/route.ts","statementMap":{"0":{"start":{"line":6,"column":16},"end":{"line":6,"column":null}},"1":{"start":{"line":7,"column":2},"end":{"line":8,"column":null}},"2":{"start":{"line":8,"column":4},"end":{"line":8,"column":null}},"3":{"start":{"line":10,"column":27},"end":{"line":10,"column":null}},"4":{"start":{"line":11,"column":17},"end":{"line":11,"column":null}},"5":{"start":{"line":12,"column":17},"end":{"line":12,"column":null}},"6":{"start":{"line":13,"column":15},"end":{"line":13,"column":null}},"7":{"start":{"line":14,"column":18},"end":{"line":14,"column":null}},"8":{"start":{"line":16,"column":21},"end":{"line":16,"column":null}},"9":{"start":{"line":19,"column":2},"end":{"line":21,"column":null}},"10":{"start":{"line":20,"column":4},"end":{"line":20,"column":null}},"11":{"start":{"line":24,"column":2},"end":{"line":30,"column":null}},"12":{"start":{"line":25,"column":4},"end":{"line":29,"column":null}},"13":{"start":{"line":32,"column":26},"end":{"line":40,"column":null}},"14":{"start":{"line":44,"column":14},"end":{"line":44,"column":null}},"15":{"start":{"line":45,"column":25},"end":{"line":76,"column":null}},"16":{"start":{"line":48,"column":28},"end":{"line":55,"column":null}},"17":{"start":{"line":56,"column":6},"end":{"line":56,"column":null}},"18":{"start":{"line":56,"column":49},"end":{"line":56,"column":null}},"19":{"start":{"line":59,"column":6},"end":{"line":59,"column":null}},"20":{"start":{"line":59,"column":46},"end":{"line":59,"column":null}},"21":{"start":{"line":61,"column":6},"end":{"line":61,"column":null}},"22":{"start":{"line":61,"column":38},"end":{"line":61,"column":null}},"23":{"start":{"line":62,"column":6},"end":{"line":62,"column":null}},"24":{"start":{"line":64,"column":26},"end":{"line":76,"column":6}},"25":{"start":{"line":80,"column":4},"end":{"line":80,"column":null}},"26":{"start":{"line":82,"column":2},"end":{"line":87,"column":null}}},"fnMap":{"0":{"name":"GET","decl":{"start":{"line":5,"column":22},"end":{"line":5,"column":26}},"loc":{"start":{"line":5,"column":44},"end":{"line":88,"column":null}},"line":5},"1":{"name":"(anonymous_1)","decl":{"start":{"line":46,"column":5},"end":{"line":46,"column":13}},"loc":{"start":{"line":46,"column":23},"end":{"line":63,"column":5}},"line":46},"2":{"name":"(anonymous_2)","decl":{"start":{"line":64,"column":5},"end":{"line":64,"column":10}},"loc":{"start":{"line":64,"column":26},"end":{"line":76,"column":6}},"line":64}},"branchMap":{"0":{"loc":{"start":{"line":7,"column":2},"end":{"line":8,"column":null}},"type":"if","locations":[{"start":{"line":7,"column":2},"end":{"line":8,"column":null}},{"start":{},"end":{}}],"line":7},"1":{"loc":{"start":{"line":13,"column":36},"end":{"line":13,"column":69}},"type":"binary-expr","locations":[{"start":{"line":13,"column":36},"end":{"line":13,"column":64}},{"start":{"line":13,"column":64},"end":{"line":13,"column":69}}],"line":13},"2":{"loc":{"start":{"line":19,"column":2},"end":{"line":21,"column":null}},"type":"if","locations":[{"start":{"line":19,"column":2},"end":{"line":21,"column":null}},{"start":{},"end":{}}],"line":19},"3":{"loc":{"start":{"line":24,"column":2},"end":{"line":30,"column":null}},"type":"if","locations":[{"start":{"line":24,"column":2},"end":{"line":30,"column":null}},{"start":{},"end":{}}],"line":24},"4":{"loc":{"start":{"line":56,"column":6},"end":{"line":56,"column":null}},"type":"if","locations":[{"start":{"line":56,"column":6},"end":{"line":56,"column":null}},{"start":{},"end":{}}],"line":56},"5":{"loc":{"start":{"line":59,"column":6},"end":{"line":59,"column":null}},"type":"if","locations":[{"start":{"line":59,"column":6},"end":{"line":59,"column":null}},{"start":{},"end":{}}],"line":59},"6":{"loc":{"start":{"line":61,"column":6},"end":{"line":61,"column":null}},"type":"if","locations":[{"start":{"line":61,"column":6},"end":{"line":61,"column":null}},{"start":{},"end":{}}],"line":61},"7":{"loc":{"start":{"line":80,"column":4},"end":{"line":80,"column":null}},"type":"cond-expr","locations":[{"start":{"line":80,"column":35},"end":{"line":80,"column":59}},{"start":{"line":80,"column":59},"end":{"line":80,"column":null}}],"line":80}},"s":{"0":0,"1":0,"2":0,"3":0,"4":0,"5":0,"6":0,"7":0,"8":0,"9":0,"10":0,"11":0,"12":0,"13":0,"14":0,"15":0,"16":0,"17":0,"18":0,"19":0,"20":0,"21":0,"22":0,"23":0,"24":0,"25":0,"26":0},"f":{"0":0,"1":0,"2":0},"b":{"0":[0,0],"1":[0,0],"2":[0,0],"3":[0,0],"4":[0,0],"5":[0,0],"6":[0,0],"7":[0,0]},"meta":{"lastBranch":8,"lastFunction":3,"lastStatement":27,"seen":{"f:5:22:5:26":0,"s:6:16:6:Infinity":0,"b:7:2:8:Infinity:undefined:undefined:undefined:undefined":0,"s:7:2:8:Infinity":1,"s:8:4:8:Infinity":2,"s:10:27:10:Infinity":3,"s:11:17:11:Infinity":4,"s:12:17:12:Infinity":5,"s:13:15:13:Infinity":6,"b:13:36:13:64:13:64:13:69":1,"s:14:18:14:Infinity":7,"s:16:21:16:Infinity":8,"b:19:2:21:Infinity:undefined:undefined:undefined:undefined":2,"s:19:2:21:Infinity":9,"s:20:4:20:Infinity":10,"b:24:2:30:Infinity:undefined:undefined:undefined:undefined":3,"s:24:2:30:Infinity":11,"s:25:4:29:Infinity":12,"s:32:26:40:Infinity":13,"s:44:14:44:Infinity":14,"s:45:25:76:Infinity":15,"f:46:5:46:13":1,"s:48:28:55:Infinity":16,"b:56:6:56:Infinity:undefined:undefined:undefined:undefined":4,"s:56:6:56:Infinity":17,"s:56:49:56:Infinity":18,"b:59:6:59:Infinity:undefined:undefined:undefined:undefined":5,"s:59:6:59:Infinity":19,"s:59:46:59:Infinity":20,"b:61:6:61:Infinity:undefined:undefined:undefined:undefined":6,"s:61:6:61:Infinity":21,"s:61:38:61:Infinity":22,"s:62:6:62:Infinity":23,"f:64:5:64:10":2,"s:64:26:76:6":24,"s:80:4:80:Infinity":25,"b:80:35:80:59:80:59:80:Infinity":7,"s:82:2:87:Infinity":26},"fnNames":{}}}
,"/Users/nderousseaux/Dev/anov/src/app/api/admin/orders/[id]/route.ts": {"path":"/Users/nderousseaux/Dev/anov/src/app/api/admin/orders/[id]/route.ts","statementMap":{"0":{"start":{"line":11,"column":16},"end":{"line":11,"column":null}},"1":{"start":{"line":12,"column":2},"end":{"line":13,"column":null}},"2":{"start":{"line":13,"column":4},"end":{"line":13,"column":null}},"3":{"start":{"line":15,"column":17},"end":{"line":15,"column":null}},"4":{"start":{"line":17,"column":2},"end":{"line":54,"column":null}},"5":{"start":{"line":18,"column":18},"end":{"line":21,"column":null}},"6":{"start":{"line":23,"column":4},"end":{"line":28,"column":null}},"7":{"start":{"line":24,"column":6},"end":{"line":27,"column":null}},"8":{"start":{"line":30,"column":27},"end":{"line":45,"column":null}},"9":{"start":{"line":47,"column":4},"end":{"line":47,"column":null}},"10":{"start":{"line":49,"column":4},"end":{"line":49,"column":null}},"11":{"start":{"line":50,"column":4},"end":{"line":53,"column":null}},"12":{"start":{"line":61,"column":16},"end":{"line":61,"column":null}},"13":{"start":{"line":62,"column":2},"end":{"line":63,"column":null}},"14":{"start":{"line":63,"column":4},"end":{"line":63,"column":null}},"15":{"start":{"line":65,"column":17},"end":{"line":65,"column":null}},"16":{"start":{"line":66,"column":15},"end":{"line":66,"column":null}},"17":{"start":{"line":67,"column":21},"end":{"line":67,"column":null}},"18":{"start":{"line":69,"column":2},"end":{"line":74,"column":null}},"19":{"start":{"line":70,"column":4},"end":{"line":73,"column":null}},"20":{"start":{"line":76,"column":2},"end":{"line":229,"column":null}},"21":{"start":{"line":77,"column":18},"end":{"line":80,"column":null}},"22":{"start":{"line":82,"column":4},"end":{"line":87,"column":null}},"23":{"start":{"line":83,"column":6},"end":{"line":86,"column":null}},"24":{"start":{"line":90,"column":23},"end":{"line":90,"column":null}},"25":{"start":{"line":91,"column":4},"end":{"line":97,"column":null}},"26":{"start":{"line":92,"column":6},"end":{"line":96,"column":null}},"27":{"start":{"line":93,"column":8},"end":{"line":93,"column":null}},"28":{"start":{"line":95,"column":8},"end":{"line":95,"column":null}},"29":{"start":{"line":99,"column":26},"end":{"line":106,"column":null}},"30":{"start":{"line":107,"column":4},"end":{"line":109,"column":null}},"31":{"start":{"line":108,"column":6},"end":{"line":108,"column":null}},"32":{"start":{"line":112,"column":57},"end":{"line":120,"column":null}},"33":{"start":{"line":122,"column":4},"end":{"line":130,"column":null}},"34":{"start":{"line":126,"column":6},"end":{"line":129,"column":null}},"35":{"start":{"line":132,"column":25},"end":{"line":136,"column":null}},"36":{"start":{"line":139,"column":4},"end":{"line":151,"column":null}},"37":{"start":{"line":140,"column":6},"end":{"line":150,"column":null}},"38":{"start":{"line":149,"column":8},"end":{"line":149,"column":null}},"39":{"start":{"line":154,"column":4},"end":{"line":203,"column":null}},"40":{"start":{"line":156,"column":6},"end":{"line":173,"column":null}},"41":{"start":{"line":169,"column":8},"end":{"line":172,"column":null}},"42":{"start":{"line":176,"column":6},"end":{"line":202,"column":null}},"43":{"start":{"line":177,"column":8},"end":{"line":201,"column":null}},"44":{"start":{"line":178,"column":26},"end":{"line":180,"column":null}},"45":{"start":{"line":181,"column":34},"end":{"line":181,"column":null}},"46":{"start":{"line":183,"column":10},"end":{"line":195,"column":null}},"47":{"start":{"line":184,"column":27},"end":{"line":187,"column":null}},"48":{"start":{"line":188,"column":12},"end":{"line":190,"column":null}},"49":{"start":{"line":192,"column":12},"end":{"line":194,"column":null}},"50":{"start":{"line":197,"column":10},"end":{"line":200,"column":null}},"51":{"start":{"line":205,"column":27},"end":{"line":220,"column":null}},"52":{"start":{"line":222,"column":4},"end":{"line":222,"column":null}},"53":{"start":{"line":224,"column":4},"end":{"line":224,"column":null}},"54":{"start":{"line":225,"column":4},"end":{"line":228,"column":null}}},"fnMap":{"0":{"name":"GET","decl":{"start":{"line":7,"column":22},"end":{"line":7,"column":null}},"loc":{"start":{"line":10,"column":2},"end":{"line":55,"column":null}},"line":10},"1":{"name":"PATCH","decl":{"start":{"line":57,"column":22},"end":{"line":57,"column":null}},"loc":{"start":{"line":60,"column":2},"end":{"line":230,"column":null}},"line":60},"2":{"name":"(anonymous_2)","decl":{"start":{"line":148,"column":9},"end":{"line":148,"column":16}},"loc":{"start":{"line":148,"column":24},"end":{"line":150,"column":7}},"line":148},"3":{"name":"(anonymous_3)","decl":{"start":{"line":168,"column":9},"end":{"line":168,"column":16}},"loc":{"start":{"line":168,"column":24},"end":{"line":173,"column":7}},"line":168}},"branchMap":{"0":{"loc":{"start":{"line":12,"column":2},"end":{"line":13,"column":null}},"type":"if","locations":[{"start":{"line":12,"column":2},"end":{"line":13,"column":null}},{"start":{},"end":{}}],"line":12},"1":{"loc":{"start":{"line":23,"column":4},"end":{"line":28,"column":null}},"type":"if","locations":[{"start":{"line":23,"column":4},"end":{"line":28,"column":null}},{"start":{},"end":{}}],"line":23},"2":{"loc":{"start":{"line":40,"column":23},"end":{"line":40,"column":null}},"type":"binary-expr","locations":[{"start":{"line":40,"column":23},"end":{"line":40,"column":48}},{"start":{"line":40,"column":48},"end":{"line":40,"column":null}}],"line":40},"3":{"loc":{"start":{"line":62,"column":2},"end":{"line":63,"column":null}},"type":"if","locations":[{"start":{"line":62,"column":2},"end":{"line":63,"column":null}},{"start":{},"end":{}}],"line":62},"4":{"loc":{"start":{"line":69,"column":2},"end":{"line":74,"column":null}},"type":"if","locations":[{"start":{"line":69,"column":2},"end":{"line":74,"column":null}},{"start":{},"end":{}}],"line":69},"5":{"loc":{"start":{"line":82,"column":4},"end":{"line":87,"column":null}},"type":"if","locations":[{"start":{"line":82,"column":4},"end":{"line":87,"column":null}},{"start":{},"end":{}}],"line":82},"6":{"loc":{"start":{"line":91,"column":4},"end":{"line":97,"column":null}},"type":"if","locations":[{"start":{"line":91,"column":4},"end":{"line":97,"column":null}},{"start":{},"end":{}}],"line":91},"7":{"loc":{"start":{"line":92,"column":6},"end":{"line":96,"column":null}},"type":"if","locations":[{"start":{"line":92,"column":6},"end":{"line":96,"column":null}},{"start":{"line":94,"column":13},"end":{"line":96,"column":null}}],"line":92},"8":{"loc":{"start":{"line":107,"column":4},"end":{"line":109,"column":null}},"type":"if","locations":[{"start":{"line":107,"column":4},"end":{"line":109,"column":null}},{"start":{},"end":{}}],"line":107},"9":{"loc":{"start":{"line":122,"column":4},"end":{"line":130,"column":null}},"type":"if","locations":[{"start":{"line":122,"column":4},"end":{"line":130,"column":null}},{"start":{},"end":{}}],"line":122},"10":{"loc":{"start":{"line":123,"column":6},"end":{"line":124,"column":null}},"type":"binary-expr","locations":[{"start":{"line":123,"column":6},"end":{"line":123,"column":null}},{"start":{"line":124,"column":6},"end":{"line":124,"column":null}}],"line":123},"11":{"loc":{"start":{"line":139,"column":4},"end":{"line":151,"column":null}},"type":"if","locations":[{"start":{"line":139,"column":4},"end":{"line":151,"column":null}},{"start":{},"end":{}}],"line":139},"12":{"loc":{"start":{"line":139,"column":8},"end":{"line":139,"column":64}},"type":"binary-expr","locations":[{"start":{"line":139,"column":8},"end":{"line":139,"column":36}},{"start":{"line":139,"column":36},"end":{"line":139,"column":64}}],"line":139},"13":{"loc":{"start":{"line":154,"column":4},"end":{"line":203,"column":null}},"type":"if","locations":[{"start":{"line":154,"column":4},"end":{"line":203,"column":null}},{"start":{},"end":{}}],"line":154},"14":{"loc":{"start":{"line":176,"column":6},"end":{"line":202,"column":null}},"type":"if","locations":[{"start":{"line":176,"column":6},"end":{"line":202,"column":null}},{"start":{},"end":{}}],"line":176},"15":{"loc":{"start":{"line":183,"column":10},"end":{"line":195,"column":null}},"type":"if","locations":[{"start":{"line":183,"column":10},"end":{"line":195,"column":null}},{"start":{"line":191,"column":17},"end":{"line":195,"column":null}}],"line":183}},"s":{"0":0,"1":0,"2":0,"3":0,"4":0,"5":0,"6":0,"7":0,"8":0,"9":0,"10":0,"11":0,"12":0,"13":0,"14":0,"15":0,"16":0,"17":0,"18":0,"19":0,"20":0,"21":0,"22":0,"23":0,"24":0,"25":0,"26":0,"27":0,"28":0,"29":0,"30":0,"31":0,"32":0,"33":0,"34":0,"35":0,"36":0,"37":0,"38":0,"39":0,"40":0,"41":0,"42":0,"43":0,"44":0,"45":0,"46":0,"47":0,"48":0,"49":0,"50":0,"51":0,"52":0,"53":0,"54":0},"f":{"0":0,"1":0,"2":0,"3":0},"b":{"0":[0,0],"1":[0,0],"2":[0,0],"3":[0,0],"4":[0,0],"5":[0,0],"6":[0,0],"7":[0,0],"8":[0,0],"9":[0,0],"10":[0,0],"11":[0,0],"12":[0,0],"13":[0,0],"14":[0,0],"15":[0,0]},"meta":{"lastBranch":16,"lastFunction":4,"lastStatement":55,"seen":{"f:7:22:7:Infinity":0,"s:11:16:11:Infinity":0,"b:12:2:13:Infinity:undefined:undefined:undefined:undefined":0,"s:12:2:13:Infinity":1,"s:13:4:13:Infinity":2,"s:15:17:15:Infinity":3,"s:17:2:54:Infinity":4,"s:18:18:21:Infinity":5,"b:23:4:28:Infinity:undefined:undefined:undefined:undefined":1,"s:23:4:28:Infinity":6,"s:24:6:27:Infinity":7,"s:30:27:45:Infinity":8,"b:40:23:40:48:40:48:40:Infinity":2,"s:47:4:47:Infinity":9,"s:49:4:49:Infinity":10,"s:50:4:53:Infinity":11,"f:57:22:57:Infinity":1,"s:61:16:61:Infinity":12,"b:62:2:63:Infinity:undefined:undefined:undefined:undefined":3,"s:62:2:63:Infinity":13,"s:63:4:63:Infinity":14,"s:65:17:65:Infinity":15,"s:66:15:66:Infinity":16,"s:67:21:67:Infinity":17,"b:69:2:74:Infinity:undefined:undefined:undefined:undefined":4,"s:69:2:74:Infinity":18,"s:70:4:73:Infinity":19,"s:76:2:229:Infinity":20,"s:77:18:80:Infinity":21,"b:82:4:87:Infinity:undefined:undefined:undefined:undefined":5,"s:82:4:87:Infinity":22,"s:83:6:86:Infinity":23,"s:90:23:90:Infinity":24,"b:91:4:97:Infinity:undefined:undefined:undefined:undefined":6,"s:91:4:97:Infinity":25,"b:92:6:96:Infinity:94:13:96:Infinity":7,"s:92:6:96:Infinity":26,"s:93:8:93:Infinity":27,"s:95:8:95:Infinity":28,"s:99:26:106:Infinity":29,"b:107:4:109:Infinity:undefined:undefined:undefined:undefined":8,"s:107:4:109:Infinity":30,"s:108:6:108:Infinity":31,"s:112:57:120:Infinity":32,"b:122:4:130:Infinity:undefined:undefined:undefined:undefined":9,"s:122:4:130:Infinity":33,"b:123:6:123:Infinity:124:6:124:Infinity":10,"s:126:6:129:Infinity":34,"s:132:25:136:Infinity":35,"b:139:4:151:Infinity:undefined:undefined:undefined:undefined":11,"s:139:4:151:Infinity":36,"b:139:8:139:36:139:36:139:64":12,"s:140:6:150:Infinity":37,"f:148:9:148:16":2,"s:149:8:149:Infinity":38,"b:154:4:203:Infinity:undefined:undefined:undefined:undefined":13,"s:154:4:203:Infinity":39,"s:156:6:173:Infinity":40,"f:168:9:168:16":3,"s:169:8:172:Infinity":41,"b:176:6:202:Infinity:undefined:undefined:undefined:undefined":14,"s:176:6:202:Infinity":42,"s:177:8:201:Infinity":43,"s:178:26:180:Infinity":44,"s:181:34:181:Infinity":45,"b:183:10:195:Infinity:191:17:195:Infinity":15,"s:183:10:195:Infinity":46,"s:184:27:187:Infinity":47,"s:188:12:190:Infinity":48,"s:192:12:194:Infinity":49,"s:197:10:200:Infinity":50,"s:205:27:220:Infinity":51,"s:222:4:222:Infinity":52,"s:224:4:224:Infinity":53,"s:225:4:228:Infinity":54},"fnNames":{}}}
,"/Users/nderousseaux/Dev/anov/src/app/api/admin/overrides/[date]/route.ts": {"path":"/Users/nderousseaux/Dev/anov/src/app/api/admin/overrides/[date]/route.ts","statementMap":{"0":{"start":{"line":8,"column":16},"end":{"line":8,"column":null}},"1":{"start":{"line":9,"column":2},"end":{"line":10,"column":null}},"2":{"start":{"line":10,"column":4},"end":{"line":10,"column":null}},"3":{"start":{"line":12,"column":19},"end":{"line":12,"column":null}},"4":{"start":{"line":13,"column":18},"end":{"line":13,"column":null}},"5":{"start":{"line":15,"column":19},"end":{"line":17,"column":null}},"6":{"start":{"line":18,"column":2},"end":{"line":18,"column":null}},"7":{"start":{"line":18,"column":17},"end":{"line":18,"column":null}},"8":{"start":{"line":20,"column":2},"end":{"line":25,"column":null}},"9":{"start":{"line":29,"column":16},"end":{"line":29,"column":null}},"10":{"start":{"line":30,"column":2},"end":{"line":31,"column":null}},"11":{"start":{"line":31,"column":4},"end":{"line":31,"column":null}},"12":{"start":{"line":33,"column":19},"end":{"line":33,"column":null}},"13":{"start":{"line":34,"column":18},"end":{"line":34,"column":null}},"14":{"start":{"line":35,"column":15},"end":{"line":35,"column":null}},"15":{"start":{"line":37,"column":19},"end":{"line":52,"column":null}},"16":{"start":{"line":54,"column":2},"end":{"line":59,"column":null}},"17":{"start":{"line":63,"column":16},"end":{"line":63,"column":null}},"18":{"start":{"line":64,"column":2},"end":{"line":65,"column":null}},"19":{"start":{"line":65,"column":4},"end":{"line":65,"column":null}},"20":{"start":{"line":67,"column":19},"end":{"line":67,"column":null}},"21":{"start":{"line":68,"column":18},"end":{"line":68,"column":null}},"22":{"start":{"line":70,"column":2},"end":{"line":74,"column":null}},"23":{"start":{"line":71,"column":4},"end":{"line":71,"column":null}},"24":{"start":{"line":76,"column":2},"end":{"line":76,"column":null}}},"fnMap":{"0":{"name":"GET","decl":{"start":{"line":7,"column":22},"end":{"line":7,"column":26}},"loc":{"start":{"line":7,"column":65},"end":{"line":26,"column":null}},"line":7},"1":{"name":"PUT","decl":{"start":{"line":28,"column":22},"end":{"line":28,"column":26}},"loc":{"start":{"line":28,"column":64},"end":{"line":60,"column":null}},"line":28},"2":{"name":"DELETE","decl":{"start":{"line":62,"column":22},"end":{"line":62,"column":29}},"loc":{"start":{"line":62,"column":68},"end":{"line":77,"column":null}},"line":62}},"branchMap":{"0":{"loc":{"start":{"line":9,"column":2},"end":{"line":10,"column":null}},"type":"if","locations":[{"start":{"line":9,"column":2},"end":{"line":10,"column":null}},{"start":{},"end":{}}],"line":9},"1":{"loc":{"start":{"line":18,"column":2},"end":{"line":18,"column":null}},"type":"if","locations":[{"start":{"line":18,"column":2},"end":{"line":18,"column":null}},{"start":{},"end":{}}],"line":18},"2":{"loc":{"start":{"line":22,"column":18},"end":{"line":24,"column":null}},"type":"cond-expr","locations":[{"start":{"line":23,"column":9},"end":{"line":23,"column":null}},{"start":{"line":24,"column":8},"end":{"line":24,"column":null}}],"line":22},"3":{"loc":{"start":{"line":30,"column":2},"end":{"line":31,"column":null}},"type":"if","locations":[{"start":{"line":30,"column":2},"end":{"line":31,"column":null}},{"start":{},"end":{}}],"line":30},"4":{"loc":{"start":{"line":40,"column":14},"end":{"line":40,"column":null}},"type":"binary-expr","locations":[{"start":{"line":40,"column":14},"end":{"line":40,"column":29}},{"start":{"line":40,"column":29},"end":{"line":40,"column":null}}],"line":40},"5":{"loc":{"start":{"line":41,"column":20},"end":{"line":43,"column":null}},"type":"cond-expr","locations":[{"start":{"line":42,"column":10},"end":{"line":42,"column":null}},{"start":{"line":43,"column":10},"end":{"line":43,"column":null}}],"line":41},"6":{"loc":{"start":{"line":47,"column":14},"end":{"line":47,"column":null}},"type":"binary-expr","locations":[{"start":{"line":47,"column":14},"end":{"line":47,"column":29}},{"start":{"line":47,"column":29},"end":{"line":47,"column":null}}],"line":47},"7":{"loc":{"start":{"line":48,"column":20},"end":{"line":50,"column":null}},"type":"cond-expr","locations":[{"start":{"line":49,"column":10},"end":{"line":49,"column":null}},{"start":{"line":50,"column":10},"end":{"line":50,"column":null}}],"line":48},"8":{"loc":{"start":{"line":56,"column":18},"end":{"line":58,"column":null}},"type":"cond-expr","locations":[{"start":{"line":57,"column":9},"end":{"line":57,"column":null}},{"start":{"line":58,"column":8},"end":{"line":58,"column":null}}],"line":56},"9":{"loc":{"start":{"line":64,"column":2},"end":{"line":65,"column":null}},"type":"if","locations":[{"start":{"line":64,"column":2},"end":{"line":65,"column":null}},{"start":{},"end":{}}],"line":64}},"s":{"0":0,"1":0,"2":0,"3":0,"4":0,"5":0,"6":0,"7":0,"8":0,"9":0,"10":0,"11":0,"12":0,"13":0,"14":0,"15":0,"16":0,"17":0,"18":0,"19":0,"20":0,"21":0,"22":0,"23":0,"24":0},"f":{"0":0,"1":0,"2":0},"b":{"0":[0,0],"1":[0,0],"2":[0,0],"3":[0,0],"4":[0,0],"5":[0,0],"6":[0,0],"7":[0,0],"8":[0,0],"9":[0,0]},"meta":{"lastBranch":10,"lastFunction":3,"lastStatement":25,"seen":{"f:7:22:7:26":0,"s:8:16:8:Infinity":0,"b:9:2:10:Infinity:undefined:undefined:undefined:undefined":0,"s:9:2:10:Infinity":1,"s:10:4:10:Infinity":2,"s:12:19:12:Infinity":3,"s:13:18:13:Infinity":4,"s:15:19:17:Infinity":5,"b:18:2:18:Infinity:undefined:undefined:undefined:undefined":1,"s:18:2:18:Infinity":6,"s:18:17:18:Infinity":7,"s:20:2:25:Infinity":8,"b:23:9:23:Infinity:24:8:24:Infinity":2,"f:28:22:28:26":1,"s:29:16:29:Infinity":9,"b:30:2:31:Infinity:undefined:undefined:undefined:undefined":3,"s:30:2:31:Infinity":10,"s:31:4:31:Infinity":11,"s:33:19:33:Infinity":12,"s:34:18:34:Infinity":13,"s:35:15:35:Infinity":14,"s:37:19:52:Infinity":15,"b:40:14:40:29:40:29:40:Infinity":4,"b:42:10:42:Infinity:43:10:43:Infinity":5,"b:47:14:47:29:47:29:47:Infinity":6,"b:49:10:49:Infinity:50:10:50:Infinity":7,"s:54:2:59:Infinity":16,"b:57:9:57:Infinity:58:8:58:Infinity":8,"f:62:22:62:29":2,"s:63:16:63:Infinity":17,"b:64:2:65:Infinity:undefined:undefined:undefined:undefined":9,"s:64:2:65:Infinity":18,"s:65:4:65:Infinity":19,"s:67:19:67:Infinity":20,"s:68:18:68:Infinity":21,"s:70:2:74:Infinity":22,"s:71:4:71:Infinity":23,"s:76:2:76:Infinity":24},"fnNames":{}}}
,"/Users/nderousseaux/Dev/anov/src/app/api/admin/reservations/route.ts": {"path":"/Users/nderousseaux/Dev/anov/src/app/api/admin/reservations/route.ts","statementMap":{"0":{"start":{"line":8,"column":16},"end":{"line":8,"column":null}},"1":{"start":{"line":9,"column":2},"end":{"line":10,"column":null}},"2":{"start":{"line":10,"column":4},"end":{"line":10,"column":null}},"3":{"start":{"line":12,"column":27},"end":{"line":12,"column":null}},"4":{"start":{"line":13,"column":18},"end":{"line":13,"column":null}},"5":{"start":{"line":14,"column":17},"end":{"line":14,"column":null}},"6":{"start":{"line":15,"column":15},"end":{"line":15,"column":null}},"7":{"start":{"line":16,"column":18},"end":{"line":16,"column":null}},"8":{"start":{"line":18,"column":14},"end":{"line":18,"column":null}},"9":{"start":{"line":19,"column":41},"end":{"line":19,"column":null}},"10":{"start":{"line":20,"column":2},"end":{"line":20,"column":null}},"11":{"start":{"line":20,"column":14},"end":{"line":20,"column":null}},"12":{"start":{"line":21,"column":2},"end":{"line":28,"column":null}},"13":{"start":{"line":22,"column":14},"end":{"line":22,"column":null}},"14":{"start":{"line":23,"column":18},"end":{"line":23,"column":null}},"15":{"start":{"line":24,"column":4},"end":{"line":24,"column":null}},"16":{"start":{"line":25,"column":16},"end":{"line":25,"column":null}},"17":{"start":{"line":26,"column":4},"end":{"line":26,"column":null}},"18":{"start":{"line":27,"column":4},"end":{"line":27,"column":null}},"19":{"start":{"line":32,"column":2},"end":{"line":40,"column":null}},"20":{"start":{"line":43,"column":32},"end":{"line":63,"column":null}},"21":{"start":{"line":67,"column":16},"end":{"line":89,"column":null}},"22":{"start":{"line":91,"column":23},"end":{"line":112,"column":null}},"23":{"start":{"line":114,"column":2},"end":{"line":119,"column":null}},"24":{"start":{"line":123,"column":16},"end":{"line":123,"column":null}},"25":{"start":{"line":124,"column":2},"end":{"line":125,"column":null}},"26":{"start":{"line":125,"column":4},"end":{"line":125,"column":null}},"27":{"start":{"line":127,"column":25},"end":{"line":127,"column":null}},"28":{"start":{"line":128,"column":18},"end":{"line":128,"column":null}},"29":{"start":{"line":129,"column":2},"end":{"line":134,"column":null}},"30":{"start":{"line":130,"column":4},"end":{"line":133,"column":null}},"31":{"start":{"line":136,"column":18},"end":{"line":148,"column":null}},"32":{"start":{"line":151,"column":2},"end":{"line":202,"column":null}},"33":{"start":{"line":152,"column":14},"end":{"line":152,"column":null}},"34":{"start":{"line":153,"column":19},"end":{"line":157,"column":null}},"35":{"start":{"line":158,"column":17},"end":{"line":158,"column":null}},"36":{"start":{"line":160,"column":4},"end":{"line":165,"column":null}},"37":{"start":{"line":168,"column":4},"end":{"line":201,"column":null}},"38":{"start":{"line":173,"column":6},"end":{"line":200,"column":null}},"39":{"start":{"line":175,"column":24},"end":{"line":177,"column":null}},"40":{"start":{"line":178,"column":32},"end":{"line":178,"column":null}},"41":{"start":{"line":180,"column":8},"end":{"line":193,"column":null}},"42":{"start":{"line":181,"column":25},"end":{"line":184,"column":null}},"43":{"start":{"line":186,"column":10},"end":{"line":188,"column":null}},"44":{"start":{"line":190,"column":10},"end":{"line":192,"column":null}},"45":{"start":{"line":195,"column":8},"end":{"line":198,"column":null}},"46":{"start":{"line":204,"column":2},"end":{"line":204,"column":null}}},"fnMap":{"0":{"name":"GET","decl":{"start":{"line":7,"column":22},"end":{"line":7,"column":26}},"loc":{"start":{"line":7,"column":44},"end":{"line":120,"column":null}},"line":7},"1":{"name":"PATCH","decl":{"start":{"line":122,"column":22},"end":{"line":122,"column":28}},"loc":{"start":{"line":122,"column":46},"end":{"line":205,"column":null}},"line":122}},"branchMap":{"0":{"loc":{"start":{"line":9,"column":2},"end":{"line":10,"column":null}},"type":"if","locations":[{"start":{"line":9,"column":2},"end":{"line":10,"column":null}},{"start":{},"end":{}}],"line":9},"1":{"loc":{"start":{"line":15,"column":36},"end":{"line":15,"column":69}},"type":"binary-expr","locations":[{"start":{"line":15,"column":36},"end":{"line":15,"column":64}},{"start":{"line":15,"column":64},"end":{"line":15,"column":69}}],"line":15},"2":{"loc":{"start":{"line":20,"column":2},"end":{"line":20,"column":null}},"type":"if","locations":[{"start":{"line":20,"column":2},"end":{"line":20,"column":null}},{"start":{},"end":{}}],"line":20},"3":{"loc":{"start":{"line":21,"column":2},"end":{"line":28,"column":null}},"type":"if","locations":[{"start":{"line":21,"column":2},"end":{"line":28,"column":null}},{"start":{},"end":{}}],"line":21},"4":{"loc":{"start":{"line":124,"column":2},"end":{"line":125,"column":null}},"type":"if","locations":[{"start":{"line":124,"column":2},"end":{"line":125,"column":null}},{"start":{},"end":{}}],"line":124},"5":{"loc":{"start":{"line":129,"column":2},"end":{"line":134,"column":null}},"type":"if","locations":[{"start":{"line":129,"column":2},"end":{"line":134,"column":null}},{"start":{},"end":{}}],"line":129},"6":{"loc":{"start":{"line":129,"column":6},"end":{"line":129,"column":40}},"type":"binary-expr","locations":[{"start":{"line":129,"column":6},"end":{"line":129,"column":13}},{"start":{"line":129,"column":13},"end":{"line":129,"column":40}}],"line":129},"7":{"loc":{"start":{"line":151,"column":2},"end":{"line":202,"column":null}},"type":"if","locations":[{"start":{"line":151,"column":2},"end":{"line":202,"column":null}},{"start":{},"end":{}}],"line":151},"8":{"loc":{"start":{"line":151,"column":6},"end":{"line":151,"column":47}},"type":"binary-expr","locations":[{"start":{"line":151,"column":6},"end":{"line":151,"column":32}},{"start":{"line":151,"column":32},"end":{"line":151,"column":47}}],"line":151},"9":{"loc":{"start":{"line":168,"column":4},"end":{"line":201,"column":null}},"type":"if","locations":[{"start":{"line":168,"column":4},"end":{"line":201,"column":null}},{"start":{},"end":{}}],"line":168},"10":{"loc":{"start":{"line":169,"column":6},"end":{"line":171,"column":null}},"type":"binary-expr","locations":[{"start":{"line":169,"column":6},"end":{"line":169,"column":null}},{"start":{"line":170,"column":6},"end":{"line":170,"column":null}},{"start":{"line":171,"column":6},"end":{"line":171,"column":null}}],"line":169},"11":{"loc":{"start":{"line":180,"column":8},"end":{"line":193,"column":null}},"type":"if","locations":[{"start":{"line":180,"column":8},"end":{"line":193,"column":null}},{"start":{"line":189,"column":15},"end":{"line":193,"column":null}}],"line":180}},"s":{"0":4,"1":4,"2":1,"3":3,"4":3,"5":3,"6":3,"7":4,"8":4,"9":4,"10":4,"11":1,"12":3,"13":1,"14":1,"15":1,"16":1,"17":1,"18":1,"19":3,"20":3,"21":3,"22":3,"23":3,"24":6,"25":6,"26":1,"27":5,"28":5,"29":5,"30":2,"31":3,"32":3,"33":1,"34":1,"35":1,"36":1,"37":1,"38":1,"39":1,"40":1,"41":1,"42":1,"43":1,"44":0,"45":0,"46":3},"f":{"0":4,"1":6},"b":{"0":[1,3],"1":[3,2],"2":[1,3],"3":[1,2],"4":[1,5],"5":[2,3],"6":[5,4],"7":[1,2],"8":[3,1],"9":[1,0],"10":[1,1,1],"11":[1,0]},"meta":{"lastBranch":12,"lastFunction":2,"lastStatement":47,"seen":{"f:7:22:7:26":0,"s:8:16:8:Infinity":0,"b:9:2:10:Infinity:undefined:undefined:undefined:undefined":0,"s:9:2:10:Infinity":1,"s:10:4:10:Infinity":2,"s:12:27:12:Infinity":3,"s:13:18:13:Infinity":4,"s:14:17:14:Infinity":5,"s:15:15:15:Infinity":6,"b:15:36:15:64:15:64:15:69":1,"s:16:18:16:Infinity":7,"s:18:14:18:Infinity":8,"s:19:41:19:Infinity":9,"b:20:2:20:Infinity:undefined:undefined:undefined:undefined":2,"s:20:2:20:Infinity":10,"s:20:14:20:Infinity":11,"b:21:2:28:Infinity:undefined:undefined:undefined:undefined":3,"s:21:2:28:Infinity":12,"s:22:14:22:Infinity":13,"s:23:18:23:Infinity":14,"s:24:4:24:Infinity":15,"s:25:16:25:Infinity":16,"s:26:4:26:Infinity":17,"s:27:4:27:Infinity":18,"s:32:2:40:Infinity":19,"s:43:32:63:Infinity":20,"s:67:16:89:Infinity":21,"s:91:23:112:Infinity":22,"s:114:2:119:Infinity":23,"f:122:22:122:28":1,"s:123:16:123:Infinity":24,"b:124:2:125:Infinity:undefined:undefined:undefined:undefined":4,"s:124:2:125:Infinity":25,"s:125:4:125:Infinity":26,"s:127:25:127:Infinity":27,"s:128:18:128:Infinity":28,"b:129:2:134:Infinity:undefined:undefined:undefined:undefined":5,"s:129:2:134:Infinity":29,"b:129:6:129:13:129:13:129:40":6,"s:130:4:133:Infinity":30,"s:136:18:148:Infinity":31,"b:151:2:202:Infinity:undefined:undefined:undefined:undefined":7,"s:151:2:202:Infinity":32,"b:151:6:151:32:151:32:151:47":8,"s:152:14:152:Infinity":33,"s:153:19:157:Infinity":34,"s:158:17:158:Infinity":35,"s:160:4:165:Infinity":36,"b:168:4:201:Infinity:undefined:undefined:undefined:undefined":9,"s:168:4:201:Infinity":37,"b:169:6:169:Infinity:170:6:170:Infinity:171:6:171:Infinity":10,"s:173:6:200:Infinity":38,"s:175:24:177:Infinity":39,"s:178:32:178:Infinity":40,"b:180:8:193:Infinity:189:15:193:Infinity":11,"s:180:8:193:Infinity":41,"s:181:25:184:Infinity":42,"s:186:10:188:Infinity":43,"s:190:10:192:Infinity":44,"s:195:8:198:Infinity":45,"s:204:2:204:Infinity":46},"fnNames":{}}}
,"/Users/nderousseaux/Dev/anov/src/app/api/admin/reservations/cleanup/route.ts": {"path":"/Users/nderousseaux/Dev/anov/src/app/api/admin/reservations/cleanup/route.ts","statementMap":{"0":{"start":{"line":7,"column":2},"end":{"line":16,"column":null}},"1":{"start":{"line":18,"column":2},"end":{"line":18,"column":null}}},"fnMap":{"0":{"name":"DELETE","decl":{"start":{"line":4,"column":22},"end":{"line":4,"column":29}},"loc":{"start":{"line":4,"column":47},"end":{"line":19,"column":null}},"line":4}},"branchMap":{},"s":{"0":0,"1":0},"f":{"0":0},"b":{},"meta":{"lastBranch":0,"lastFunction":1,"lastStatement":2,"seen":{"f:4:22:4:29":0,"s:7:2:16:Infinity":0,"s:18:2:18:Infinity":1},"fnNames":{}}}
[...]
":148,"column":null}},"34":{"start":{"line":151,"column":16},"end":{"line":151,"column":null}},"35":{"start":{"line":152,"column":2},"end":{"line":152,"column":null}},"36":{"start":{"line":152,"column":14},"end":{"line":152,"column":null}},"37":{"start":{"line":153,"column":2},"end":{"line":158,"column":null}},"38":{"start":{"line":154,"column":23},"end":{"line":156,"column":null}},"39":{"start":{"line":155,"column":21},"end":{"line":155,"column":44}},"40":{"start":{"line":156,"column":22},"end":{"line":156,"column":33}},"41":{"start":{"line":157,"column":4},"end":{"line":157,"column":null}},"42":{"start":{"line":157,"column":31},"end":{"line":157,"column":null}},"43":{"start":{"line":159,"column":2},"end":{"line":159,"column":null}},"44":{"start":{"line":179,"column":72},"end":{"line":179,"column":null}},"45":{"start":{"line":180,"column":33},"end":{"line":183,"column":null}},"46":{"start":{"line":184,"column":15},"end":{"line":184,"column":null}},"47":{"start":{"line":185,"column":2},"end":{"line":185,"column":null}}},"fnMap":{"0":{"name":"slotToMinutes","decl":{"start":{"line":34,"column":9},"end":{"line":34,"column":23}},"loc":{"start":{"line":34,"column":45},"end":{"line":37,"column":null}},"line":34},"1":{"name":"computeServiceTurns","decl":{"start":{"line":46,"column":16},"end":{"line":46,"column":null}},"loc":{"start":{"line":49,"column":10},"end":{"line":54,"column":null}},"line":49},"2":{"name":"getTotalTableCapacity","decl":{"start":{"line":59,"column":16},"end":{"line":59,"column":38}},"loc":{"start":{"line":59,"column":67},"end":{"line":61,"column":null}},"line":59},"3":{"name":"(anonymous_3)","decl":{"start":{"line":60,"column":16},"end":{"line":60,"column":24}},"loc":{"start":{"line":60,"column":35},"end":{"line":60,"column":53}},"line":60},"4":{"name":"getTables","decl":{"start":{"line":66,"column":22},"end":{"line":66,"column":32}},"loc":{"start":{"line":66,"column":77},"end":{"line":68,"column":null}},"line":66},"5":{"name":"getDayReservationsForTables","decl":{"start":{"line":73,"column":22},"end":{"line":73,"column":null}},"loc":{"start":{"line":76,"column":35},"end":{"line":101,"column":null}},"line":76},"6":{"name":"computeBusyTableIds","decl":{"start":{"line":109,"column":16},"end":{"line":109,"column":null}},"loc":{"start":{"line":113,"column":15},"end":{"line":127,"column":null}},"line":113},"7":{"name":"pickTable","decl":{"start":{"line":136,"column":16},"end":{"line":136,"column":null}},"loc":{"start":{"line":141,"column":20},"end":{"line":160,"column":null}},"line":141},"8":{"name":"(anonymous_8)","decl":{"start":{"line":142,"column":22},"end":{"line":142,"column":30}},"loc":{"start":{"line":142,"column":36},"end":{"line":142,"column":59}},"line":142},"9":{"name":"(anonymous_9)","decl":{"start":{"line":145,"column":25},"end":{"line":145,"column":33}},"loc":{"start":{"line":145,"column":39},"end":{"line":145,"column":59}},"line":145},"10":{"name":"(anonymous_10)","decl":{"start":{"line":147,"column":12},"end":{"line":147,"column":18}},"loc":{"start":{"line":147,"column":27},"end":{"line":147,"column":65}},"line":147},"11":{"name":"(anonymous_11)","decl":{"start":{"line":155,"column":7},"end":{"line":155,"column":15}},"loc":{"start":{"line":155,"column":21},"end":{"line":155,"column":44}},"line":155},"12":{"name":"(anonymous_12)","decl":{"start":{"line":156,"column":7},"end":{"line":156,"column":13}},"loc":{"start":{"line":156,"column":22},"end":{"line":156,"column":33}},"line":156},"13":{"name":"assignTable","decl":{"start":{"line":176,"column":22},"end":{"line":176,"column":null}},"loc":{"start":{"line":178,"column":29},"end":{"line":186,"column":null}},"line":178}},"branchMap":{"0":{"loc":{"start":{"line":50,"column":2},"end":{"line":50,"column":null}},"type":"if","locations":[{"start":{"line":50,"column":2},"end":{"line":50,"column":null}},{"start":{},"end":{}}],"line":50},"1":{"loc":{"start":{"line":66,"column":32},"end":{"line":66,"column":77}},"type":"default-arg","locations":[{"start":{"line":66,"column":47},"end":{"line":66,"column":77}}],"line":66},"2":{"loc":{"start":{"line":117,"column":4},"end":{"line":117,"column":null}},"type":"if","locations":[{"start":{"line":117,"column":4},"end":{"line":117,"column":null}},{"start":{},"end":{}}],"line":117},"3":{"loc":{"start":{"line":119,"column":4},"end":{"line":124,"column":null}},"type":"if","locations":[{"start":{"line":119,"column":4},"end":{"line":124,"column":null}},{"start":{},"end":{}}],"line":119},"4":{"loc":{"start":{"line":120,"column":6},"end":{"line":121,"column":null}},"type":"binary-expr","locations":[{"start":{"line":120,"column":6},"end":{"line":120,"column":null}},{"start":{"line":121,"column":6},"end":{"line":121,"column":null}}],"line":120},"5":{"loc":{"start":{"line":144,"column":2},"end":{"line":149,"column":null}},"type":"if","locations":[{"start":{"line":144,"column":2},"end":{"line":149,"column":null}},{"start":{},"end":{}}],"line":144},"6":{"loc":{"start":{"line":146,"column":4},"end":{"line":146,"column":null}},"type":"if","locations":[{"start":{"line":146,"column":4},"end":{"line":146,"column":null}},{"start":{},"end":{}}],"line":146},"7":{"loc":{"start":{"line":147,"column":27},"end":{"line":147,"column":65}},"type":"binary-expr","locations":[{"start":{"line":147,"column":27},"end":{"line":147,"column":54}},{"start":{"line":147,"column":54},"end":{"line":147,"column":65}}],"line":147},"8":{"loc":{"start":{"line":152,"column":2},"end":{"line":152,"column":null}},"type":"if","locations":[{"start":{"line":152,"column":2},"end":{"line":152,"column":null}},{"start":{},"end":{}}],"line":152},"9":{"loc":{"start":{"line":157,"column":4},"end":{"line":157,"column":null}},"type":"if","locations":[{"start":{"line":157,"column":4},"end":{"line":157,"column":null}},{"start":{},"end":{}}],"line":157},"10":{"loc":{"start":{"line":179,"column":10},"end":{"line":179,"column":23}},"type":"default-arg","locations":[{"start":{"line":179,"column":15},"end":{"line":179,"column":23}}],"line":179}},"s":{"0":3,"1":21,"2":21,"3":6,"4":1,"5":5,"6":5,"7":5,"8":4,"9":6,"10":0,"11":0,"12":0,"13":0,"14":0,"15":6,"16":6,"17":6,"18":7,"19":1,"20":6,"21":6,"22":5,"23":6,"24":10,"25":36,"26":10,"27":3,"28":9,"29":3,"30":0,"31":3,"32":5,"33":3,"34":7,"35":7,"36":0,"37":7,"38":9,"39":19,"40":2,"41":9,"42":5,"43":2,"44":0,"45":0,"46":0,"47":0},"f":{"0":21,"1":6,"2":4,"3":6,"4":0,"5":0,"6":6,"7":10,"8":36,"9":9,"10":5,"11":19,"12":2,"13":0},"b":{"0":[1,5],"1":[0],"2":[1,6],"3":[5,1],"4":[6,5],"5":[3,7],"6":[0,3],"7":[5,1],"8":[0,7],"9":[5,4],"10":[0]},"meta":{"lastBranch":11,"lastFunction":14,"lastStatement":48,"seen":{"s:27:56:32:Infinity":0,"f:34:9:34:23":0,"s:35:17:35:Infinity":1,"s:36:2:36:Infinity":2,"f:46:16:46:Infinity":1,"b:50:2:50:Infinity:undefined:undefined:undefined:undefined":0,"s:50:2:50:Infinity":3,"s:50:26:50:Infinity":4,"s:51:18:51:Infinity":5,"s:52:15:52:Infinity":6,"s:53:2:53:Infinity":7,"f:59:16:59:38":2,"s:60:2:60:Infinity":8,"f:60:16:60:24":3,"s:60:35:60:53":9,"f:66:22:66:32":4,"b:66:47:66:77":1,"s:67:2:67:Infinity":10,"f:73:22:73:Infinity":5,"s:77:19:77:Infinity":11,"s:78:17:78:Infinity":12,"s:79:14:79:Infinity":13,"s:81:2:100:Infinity":14,"f:109:16:109:Infinity":6,"s:114:20:114:Infinity":15,"s:115:15:115:Infinity":16,"s:116:2:125:Infinity":17,"b:117:4:117:Infinity:undefined:undefined:undefined:undefined":2,"s:117:4:117:Infinity":18,"s:117:27:117:Infinity":19,"s:118:19:118:Infinity":20,"b:119:4:124:Infinity:undefined:undefined:undefined:undefined":3,"s:119:4:124:Infinity":21,"b:120:6:120:Infinity:121:6:121:Infinity":4,"s:123:6:123:Infinity":22,"s:126:2:126:Infinity":23,"f:136:16:136:Infinity":7,"s:142:15:142:Infinity":24,"f:142:22:142:30":8,"s:142:36:142:59":25,"b:144:2:149:Infinity:undefined:undefined:undefined:undefined":5,"s:144:2:149:Infinity":26,"s:145:20:145:Infinity":27,"f:145:25:145:33":9,"s:145:39:145:59":28,"b:146:4:146:Infinity:undefined:undefined:undefined:undefined":6,"s:146:4:146:Infinity":29,"s:146:30:146:Infinity":30,"s:147:4:147:Infinity":31,"f:147:12:147:18":10,"s:147:27:147:65":32,"b:147:27:147:54:147:54:147:65":7,"s:148:4:148:Infinity":33,"s:151:16:151:Infinity":34,"b:152:2:152:Infinity:undefined:undefined:undefined:undefined":8,"s:152:2:152:Infinity":35,"s:152:14:152:Infinity":36,"s:153:2:158:Infinity":37,"s:154:23:156:Infinity":38,"f:155:7:155:15":11,"s:155:21:155:44":39,"f:156:7:156:13":12,"s:156:22:156:33":40,"b:157:4:157:Infinity:undefined:undefined:undefined:undefined":9,"s:157:4:157:Infinity":41,"s:157:31:157:Infinity":42,"s:159:2:159:Infinity":43,"f:176:22:176:Infinity":13,"s:179:72:179:Infinity":44,"b:179:15:179:23":10,"s:180:33:183:Infinity":45,"s:184:15:184:Infinity":46,"s:185:2:185:Infinity":47},"fnNames":{}}}
,"/Users/nderousseaux/Dev/anov/src/lib/translations/de.ts": {"path":"/Users/nderousseaux/Dev/anov/src/lib/translations/de.ts","statementMap":{"0":{"start":{"line":1,"column":11},"end":{"line":144,"column":null}}},"fnMap":{},"branchMap":{},"s":{"0":0},"f":{},"b":{},"meta":{"lastBranch":0,"lastFunction":0,"lastStatement":1,"seen":{"s:1:11:144:Infinity":0},"fnNames":{}}}
,"/Users/nderousseaux/Dev/anov/src/lib/translations/en.ts": {"path":"/Users/nderousseaux/Dev/anov/src/lib/translations/en.ts","statementMap":{"0":{"start":{"line":1,"column":11},"end":{"line":143,"column":null}}},"fnMap":{},"branchMap":{},"s":{"0":0},"f":{},"b":{},"meta":{"lastBranch":0,"lastFunction":0,"lastStatement":1,"seen":{"s:1:11:143:Infinity":0},"fnNames":{}}}
,"/Users/nderousseaux/Dev/anov/src/lib/translations/fr.ts": {"path":"/Users/nderousseaux/Dev/anov/src/lib/translations/fr.ts","statementMap":{"0":{"start":{"line":1,"column":11},"end":{"line":145,"column":null}}},"fnMap":{},"branchMap":{},"s":{"0":0},"f":{},"b":{},"meta":{"lastBranch":0,"lastFunction":0,"lastStatement":1,"seen":{"s:1:11:145:Infinity":0},"fnNames":{}}}
,"/Users/nderousseaux/Dev/anov/src/lib/translations/index.ts": {"path":"/Users/nderousseaux/Dev/anov/src/lib/translations/index.ts","statementMap":{},"fnMap":{},"branchMap":{},"s":{},"f":{},"b":{},"meta":{"lastBranch":0,"lastFunction":0,"lastStatement":0,"seen":{},"fnNames":{}}}
,"/Users/nderousseaux/Dev/anov/src/lib/utils/date.ts": {"path":"/Users/nderousseaux/Dev/anov/src/lib/utils/date.ts","statementMap":{"0":{"start":{"line":15,"column":2},"end":{"line":20,"column":null}},"1":{"start":{"line":38,"column":18},"end":{"line":38,"column":null}},"2":{"start":{"line":39,"column":2},"end":{"line":39,"column":null}},"3":{"start":{"line":48,"column":2},"end":{"line":48,"column":null}},"4":{"start":{"line":64,"column":2},"end":{"line":71,"column":null}},"5":{"start":{"line":65,"column":29},"end":{"line":65,"column":null}},"6":{"start":{"line":66,"column":17},"end":{"line":66,"column":null}},"7":{"start":{"line":67,"column":4},"end":{"line":67,"column":null}},"8":{"start":{"line":68,"column":4},"end":{"line":68,"column":null}},"9":{"start":{"line":70,"column":4},"end":{"line":70,"column":null}},"10":{"start":{"line":80,"column":18},"end":{"line":80,"column":null}},"11":{"start":{"line":81,"column":16},"end":{"line":81,"column":null}},"12":{"start":{"line":83,"column":2},"end":{"line":86,"column":null}},"13":{"start":{"line":96,"column":18},"end":{"line":96,"column":null}},"14":{"start":{"line":99,"column":20},"end":{"line":99,"column":null}},"15":{"start":{"line":105,"column":4},"end":{"line":105,"column":null}},"16":{"start":{"line":106,"column":25},"end":{"line":106,"column":null}},"17":{"start":{"line":107,"column":2},"end":{"line":107,"column":null}},"18":{"start":{"line":108,"column":2},"end":{"line":108,"column":null}},"19":{"start":{"line":109,"column":2},"end":{"line":109,"column":null}},"20":{"start":{"line":118,"column":18},"end":{"line":118,"column":null}},"21":{"start":{"line":119,"column":15},"end":{"line":127,"column":null}},"22":{"start":{"line":128,"column":17},"end":{"line":141,"column":null}},"23":{"start":{"line":142,"column":2},"end":{"line":142,"column":null}}},"fnMap":{"0":{"name":"formatCurrency","decl":{"start":{"line":11,"column":16},"end":{"line":11,"column":null}},"loc":{"start":{"line":14,"column":10},"end":{"line":21,"column":null}},"line":14},"1":{"name":"formatDate","decl":{"start":{"line":29,"column":16},"end":{"line":29,"column":null}},"loc":{"start":{"line":37,"column":10},"end":{"line":40,"column":null}},"line":37},"2":{"name":"formatDateShort","decl":{"start":{"line":47,"column":16},"end":{"line":47,"column":32}},"loc":{"start":{"line":47,"column":61},"end":{"line":49,"column":null}},"line":47},"3":{"name":"formatTime","decl":{"start":{"line":57,"column":16},"end":{"line":57,"column":null}},"loc":{"start":{"line":63,"column":10},"end":{"line":72,"column":null}},"line":63},"4":{"name":"isToday","decl":{"start":{"line":79,"column":16},"end":{"line":79,"column":24}},"loc":{"start":{"line":79,"column":54},"end":{"line":88,"column":null}},"line":79},"5":{"name":"getPreviousMonday","decl":{"start":{"line":95,"column":16},"end":{"line":95,"column":34}},"loc":{"start":{"line":95,"column":74},"end":{"line":110,"column":null}},"line":95},"6":{"name":"formatReservationDate","decl":{"start":{"line":117,"column":16},"end":{"line":117,"column":38}},"loc":{"start":{"line":117,"column":67},"end":{"line":143,"column":null}},"line":117}},"branchMap":{"0":{"loc":{"start":{"line":13,"column":2},"end":{"line":13,"column":null}},"type":"default-arg","locations":[{"start":{"line":13,"column":19},"end":{"line":13,"column":null}}],"line":13},"1":{"loc":{"start":{"line":31,"column":2},"end":{"line":36,"column":null}},"type":"default-arg","locations":[{"start":{"line":31,"column":40},"end":{"line":36,"column":null}}],"line":31},"2":{"loc":{"start":{"line":38,"column":18},"end":{"line":38,"column":null}},"type":"cond-expr","locations":[{"start":{"line":38,"column":45},"end":{"line":38,"column":62}},{"start":{"line":38,"column":62},"end":{"line":38,"column":null}}],"line":38},"3":{"loc":{"start":{"line":59,"column":2},"end":{"line":62,"column":null}},"type":"default-arg","locations":[{"start":{"line":59,"column":52},"end":{"line":62,"column":null}}],"line":59},"4":{"loc":{"start":{"line":80,"column":18},"end":{"line":80,"column":null}},"type":"cond-expr","locations":[{"start":{"line":80,"column":45},"end":{"line":80,"column":62}},{"start":{"line":80,"column":62},"end":{"line":80,"column":null}}],"line":80},"5":{"loc":{"start":{"line":84,"column":4},"end":{"line":86,"column":null}},"type":"binary-expr","locations":[{"start":{"line":84,"column":4},"end":{"line":84,"column":null}},{"start":{"line":85,"column":4},"end":{"line":85,"column":null}},{"start":{"line":86,"column":4},"end":{"line":86,"column":null}}],"line":84},"6":{"loc":{"start":{"line":95,"column":34},"end":{"line":95,"column":74}},"type":"default-arg","locations":[{"start":{"line":95,"column":56},"end":{"line":95,"column":74}}],"line":95},"7":{"loc":{"start":{"line":96,"column":18},"end":{"line":96,"column":null}},"type":"cond-expr","locations":[{"start":{"line":96,"column":45},"end":{"line":96,"column":62}},{"start":{"line":96,"column":62},"end":{"line":96,"column":null}}],"line":96},"8":{"loc":{"start":{"line":105,"column":4},"end":{"line":105,"column":null}},"type":"cond-expr","locations":[{"start":{"line":105,"column":22},"end":{"line":105,"column":26}},{"start":{"line":105,"column":26},"end":{"line":105,"column":null}}],"line":105},"9":{"loc":{"start":{"line":105,"column":26},"end":{"line":105,"column":null}},"type":"cond-expr","locations":[{"start":{"line":105,"column":44},"end":{"line":105,"column":48}},{"start":{"line":105,"column":48},"end":{"line":105,"column":null}}],"line":105},"10":{"loc":{"start":{"line":118,"column":18},"end":{"line":118,"column":null}},"type":"cond-expr","locations":[{"start":{"line":118,"column":45},"end":{"line":118,"column":62}},{"start":{"line":118,"column":62},"end":{"line":118,"column":null}}],"line":118}},"s":{"0":4,"1":4,"2":4,"3":1,"4":3,"5":3,"6":3,"7":3,"8":3,"9":1,"10":4,"11":4,"12":4,"13":4,"14":4,"15":4,"16":4,"17":4,"18":4,"19":4,"20":1,"21":1,"22":1,"23":1},"f":{"0":4,"1":4,"2":1,"3":3,"4":4,"5":4,"6":1},"b":{"0":[4],"1":[4],"2":[1,3],"3":[3],"4":[1,3],"5":[4,2,2],"6":[4],"7":[1,3],"8":[2,2],"9":[1,1],"10":[0,1]},"meta":{"lastBranch":11,"lastFunction":7,"lastStatement":24,"seen":{"f:11:16:11:Infinity":0,"b:13:19:13:Infinity":0,"s:15:2:20:Infinity":0,"f:29:16:29:Infinity":1,"b:31:40:36:Infinity":1,"s:38:18:38:Infinity":1,"b:38:45:38:62:38:62:38:Infinity":2,"s:39:2:39:Infinity":2,"f:47:16:47:32":2,"s:48:2:48:Infinity":3,"f:57:16:57:Infinity":3,"b:59:52:62:Infinity":3,"s:64:2:71:Infinity":4,"s:65:29:65:Infinity":5,"s:66:17:66:Infinity":6,"s:67:4:67:Infinity":7,"s:68:4:68:Infinity":8,"s:70:4:70:Infinity":9,"f:79:16:79:24":4,"s:80:18:80:Infinity":10,"b:80:45:80:62:80:62:80:Infinity":4,"s:81:16:81:Infinity":11,"s:83:2:86:Infinity":12,"b:84:4:84:Infinity:85:4:85:Infinity:86:4:86:Infinity":5,"f:95:16:95:34":5,"b:95:56:95:74":6,"s:96:18:96:Infinity":13,"b:96:45:96:62:96:62:96:Infinity":7,"s:99:20:99:Infinity":14,"s:105:4:105:Infinity":15,"b:105:22:105:26:105:26:105:Infinity":8,"b:105:44:105:48:105:48:105:Infinity":9,"s:106:25:106:Infinity":16,"s:107:2:107:Infinity":17,"s:108:2:108:Infinity":18,"s:109:2:109:Infinity":19,"f:117:16:117:38":6,"s:118:18:118:Infinity":20,"b:118:45:118:62:118:62:118:Infinity":10,"s:119:15:127:Infinity":21,"s:128:17:141:Infinity":22,"s:142:2:142:Infinity":23},"fnNames":{}}}
,"/Users/nderousseaux/Dev/anov/src/lib/utils/index.ts": {"path":"/Users/nderousseaux/Dev/anov/src/lib/utils/index.ts","statementMap":{},"fnMap":{},"branchMap":{},"s":{},"f":{},"b":{},"meta":{"lastBranch":0,"lastFunction":0,"lastStatement":0,"seen":{},"fnNames":{}}}
,"/Users/nderousseaux/Dev/anov/src/lib/utils/validate.ts": {"path":"/Users/nderousseaux/Dev/anov/src/lib/utils/validate.ts","statementMap":{"0":{"start":{"line":12,"column":21},"end":{"line":12,"column":null}},"1":{"start":{"line":13,"column":2},"end":{"line":13,"column":null}},"2":{"start":{"line":23,"column":23},"end":{"line":23,"column":null}},"3":{"start":{"line":25,"column":21},"end":{"line":25,"column":null}},"4":{"start":{"line":26,"column":2},"end":{"line":26,"column":null}},"5":{"start":{"line":35,"column":2},"end":{"line":35,"column":null}},"6":{"start":{"line":44,"column":2},"end":{"line":44,"column":null}},"7":{"start":{"line":55,"column":2},"end":{"line":55,"column":null}}},"fnMap":{"0":{"name":"validateEmail","decl":{"start":{"line":10,"column":16},"end":{"line":10,"column":30}},"loc":{"start":{"line":10,"column":54},"end":{"line":14,"column":null}},"line":10},"1":{"name":"validatePhone","decl":{"start":{"line":21,"column":16},"end":{"line":21,"column":30}},"loc":{"start":{"line":21,"column":54},"end":{"line":27,"column":null}},"line":21},"2":{"name":"isNonEmpty","decl":{"start":{"line":34,"column":16},"end":{"line":34,"column":27}},"loc":{"start":{"line":34,"column":51},"end":{"line":36,"column":null}},"line":34},"3":{"name":"isPositiveNumber","decl":{"start":{"line":43,"column":16},"end":{"line":43,"column":33}},"loc":{"start":{"line":43,"column":57},"end":{"line":45,"column":null}},"line":43},"4":{"name":"isInRange","decl":{"start":{"line":54,"column":16},"end":{"line":54,"column":26}},"loc":{"start":{"line":54,"column":76},"end":{"line":56,"column":null}},"line":54}},"branchMap":{"0":{"loc":{"start":{"line":55,"column":9},"end":{"line":55,"column":null}},"type":"binary-expr","locations":[{"start":{"line":55,"column":9},"end":{"line":55,"column":25}},{"start":{"line":55,"column":25},"end":{"line":55,"column":null}}],"line":55}},"s":{"0":5,"1":5,"2":6,"3":6,"4":6,"5":4,"6":4,"7":5},"f":{"0":5,"1":6,"2":4,"3":4,"4":5},"b":{"0":[5,4]},"meta":{"lastBranch":1,"lastFunction":5,"lastStatement":8,"seen":{"f:10:16:10:30":0,"s:12:21:12:Infinity":0,"s:13:2:13:Infinity":1,"f:21:16:21:30":1,"s:23:23:23:Infinity":2,"s:25:21:25:Infinity":3,"s:26:2:26:Infinity":4,"f:34:16:34:27":2,"s:35:2:35:Infinity":5,"f:43:16:43:33":3,"s:44:2:44:Infinity":6,"f:54:16:54:26":4,"s:55:2:55:Infinity":7,"b:55:9:55:25:55:25:55:Infinity":0},"fnNames":{}}}
}
